[ 2015-10-12T14:22:14+08:00 ] 127.0.0.1 /appserver1/index.php/login/login/index
INFO: [ app_init ] --START--
INFO: Run Behavior\BuildLiteBehavior [ RunTime:0.000039s ]
INFO: [ app_init ] --END-- [ RunTime:0.000664s ]
INFO: [ app_begin ] --START--
INFO: Run Behavior\ReadHtmlCacheBehavior [ RunTime:0.000761s ]
INFO: [ app_begin ] --END-- [ RunTime:0.000955s ]
NOTIC: [8] Undefined index: xinxi D:\wamp\www\appserver1\Application\Login\Controller\LoginController.class.php 第 18 行.
INFO: [ view_parse ] --START--
INFO: [ template_filter ] --START--
INFO: Run Behavior\ContentReplaceBehavior [ RunTime:0.000118s ]
INFO: [ template_filter ] --END-- [ RunTime:0.000350s ]
INFO: Run Behavior\ParseTemplateBehavior [ RunTime:0.019499s ]
INFO: [ view_parse ] --END-- [ RunTime:0.019696s ]
INFO: [ view_filter ] --START--
INFO: Run Behavior\WriteHtmlCacheBehavior [ RunTime:0.000491s ]
INFO: [ view_filter ] --END-- [ RunTime:0.000682s ]
INFO: [ app_end ] --START--
INFO: Run Behavior\ShowPageTraceBehavior [ RunTime:0.000767s ]
INFO: [ app_end ] --END-- [ RunTime:0.000956s ]

[ 2015-10-12T14:22:17+08:00 ] 127.0.0.1 /appserver1/index.php/Login/Login/login
INFO: [ app_init ] --START--
INFO: Run Behavior\BuildLiteBehavior [ RunTime:0.000040s ]
INFO: [ app_init ] --END-- [ RunTime:0.000607s ]
INFO: [ app_begin ] --START--
INFO: Run Behavior\ReadHtmlCacheBehavior [ RunTime:0.000775s ]
INFO: [ app_begin ] --END-- [ RunTime:0.000969s ]
SQL: SHOW COLUMNS FROM `user` [ RunTime:0.0456s ]
SQL: SELECT * FROM `user` WHERE `username` = 'gengyongxin' AND `password` = 'gengyongxin' LIMIT 1   [ RunTime:0.0005s ]

[ 2015-10-12T14:22:17+08:00 ] 127.0.0.1 /appserver1/index.php/Login/Login/index/xinxi/%E6%82%A8%E6%B2%A1%E6%9C%89%E6%9D%83%E9%99%90%E7%99%BB%E9%99%86%E7%B3%BB%E7%BB%9F.html
INFO: [ app_init ] --START--
INFO: Run Behavior\BuildLiteBehavior [ RunTime:0.000060s ]
INFO: [ app_init ] --END-- [ RunTime:0.000918s ]
INFO: [ app_begin ] --START--
INFO: Run Behavior\ReadHtmlCacheBehavior [ RunTime:0.000678s ]
INFO: [ app_begin ] --END-- [ RunTime:0.000908s ]
NOTIC: [8] iconv() [<a href='function.iconv'>function.iconv</a>]: Detected an incomplete multibyte character in input string D:\wamp\www\appserver1\Application\Login\Controller\LoginController.class.php 第 19 行.
INFO: [ view_parse ] --START--
INFO: [ template_filter ] --START--
INFO: Run Behavior\ContentReplaceBehavior [ RunTime:0.000116s ]
INFO: [ template_filter ] --END-- [ RunTime:0.000317s ]
INFO: Run Behavior\ParseTemplateBehavior [ RunTime:0.009779s ]
INFO: [ view_parse ] --END-- [ RunTime:0.009973s ]
INFO: [ view_filter ] --START--
INFO: Run Behavior\WriteHtmlCacheBehavior [ RunTime:0.000454s ]
INFO: [ view_filter ] --END-- [ RunTime:0.000641s ]
INFO: [ app_end ] --START--
INFO: Run Behavior\ShowPageTraceBehavior [ RunTime:0.000769s ]
INFO: [ app_end ] --END-- [ RunTime:0.000958s ]

[ 2015-10-12T14:22:17+08:00 ] 127.0.0.1 /appserver1/index.php/Login/Login/assets/js/ie-emulation-modes-warning.js
INFO: [ app_init ] --START--
INFO: Run Behavior\BuildLiteBehavior [ RunTime:0.000041s ]
INFO: [ app_init ] --END-- [ RunTime:0.000634s ]
INFO: [ app_begin ] --START--
INFO: Run Behavior\ReadHtmlCacheBehavior [ RunTime:0.000763s ]
INFO: [ app_begin ] --END-- [ RunTime:0.000956s ]
ERR: 非法操作:assets

[ 2015-10-12T14:22:18+08:00 ] 127.0.0.1 /appserver1/index.php/Login/Login/assets/js/ie10-viewport-bug-workaround.js
INFO: [ app_init ] --START--
INFO: Run Behavior\BuildLiteBehavior [ RunTime:0.000041s ]
INFO: [ app_init ] --END-- [ RunTime:0.000619s ]
INFO: [ app_begin ] --START--
INFO: Run Behavior\ReadHtmlCacheBehavior [ RunTime:0.000637s ]
INFO: [ app_begin ] --END-- [ RunTime:0.000827s ]
ERR: 非法操作:assets

[ 2015-10-12T14:22:18+08:00 ] 127.0.0.1 /appserver1/index.php/Login/Login/favicon.ico
INFO: [ app_init ] --START--
INFO: Run Behavior\BuildLiteBehavior [ RunTime:0.000045s ]
INFO: [ app_init ] --END-- [ RunTime:0.000620s ]

[ 2015-10-12T14:22:32+08:00 ] 127.0.0.1 /appserver1/index.php/Login/Login/login
INFO: [ app_init ] --START--
INFO: Run Behavior\BuildLiteBehavior [ RunTime:0.000041s ]
INFO: [ app_init ] --END-- [ RunTime:0.000647s ]
INFO: [ app_begin ] --START--
INFO: Run Behavior\ReadHtmlCacheBehavior [ RunTime:0.000651s ]
INFO: [ app_begin ] --END-- [ RunTime:0.000902s ]
SQL: SHOW COLUMNS FROM `user` [ RunTime:0.0045s ]
SQL: SELECT * FROM `user` WHERE `username` = 'zhangjing' AND `password` = 'zhangjing' LIMIT 1   [ RunTime:0.0003s ]

[ 2015-10-12T14:22:32+08:00 ] 127.0.0.1 /appserver1/index.php/Login/User/userlist.html
INFO: [ app_init ] --START--
INFO: Run Behavior\BuildLiteBehavior [ RunTime:0.000040s ]
INFO: [ app_init ] --END-- [ RunTime:0.000571s ]
INFO: [ app_begin ] --START--
INFO: Run Behavior\ReadHtmlCacheBehavior [ RunTime:0.000637s ]
INFO: [ app_begin ] --END-- [ RunTime:0.000828s ]
SQL: SHOW COLUMNS FROM `user` [ RunTime:0.0044s ]
SQL: SELECT COUNT(*) AS tp_count FROM `user` LIMIT 1   [ RunTime:0.0003s ]
SQL: SELECT * FROM `user` ORDER BY date_create desc LIMIT 0,10   [ RunTime:0.0003s ]
SQL: SHOW COLUMNS FROM `company` [ RunTime:0.0363s ]
SQL: SELECT * FROM `company` WHERE ( id = 0 ) LIMIT 1   [ RunTime:0.0005s ]
SQL: SELECT * FROM `company` WHERE ( id = 5 ) LIMIT 1   [ RunTime:0.0003s ]
SQL: SELECT * FROM `company` WHERE ( id = 1 ) LIMIT 1   [ RunTime:0.0003s ]
INFO: [ view_parse ] --START--
INFO: [ template_filter ] --START--
INFO: Run Behavior\ContentReplaceBehavior [ RunTime:0.000166s ]
INFO: [ template_filter ] --END-- [ RunTime:0.000370s ]
INFO: Run Behavior\ParseTemplateBehavior [ RunTime:0.044685s ]
INFO: [ view_parse ] --END-- [ RunTime:0.044895s ]
INFO: [ view_filter ] --START--
INFO: Run Behavior\WriteHtmlCacheBehavior [ RunTime:0.000390s ]
INFO: [ view_filter ] --END-- [ RunTime:0.000576s ]
INFO: [ app_end ] --START--
INFO: Run Behavior\ShowPageTraceBehavior [ RunTime:0.000641s ]
INFO: [ app_end ] --END-- [ RunTime:0.000830s ]

[ 2015-10-12T14:22:38+08:00 ] 127.0.0.1 /appserver1/index.php/Login/user/usershow/id/9.html
INFO: [ app_init ] --START--
INFO: Run Behavior\BuildLiteBehavior [ RunTime:0.000060s ]
INFO: [ app_init ] --END-- [ RunTime:0.000952s ]
INFO: [ app_begin ] --START--
INFO: Run Behavior\ReadHtmlCacheBehavior [ RunTime:0.001679s ]
INFO: [ app_begin ] --END-- [ RunTime:0.002033s ]
SQL: SHOW COLUMNS FROM `user` [ RunTime:0.0044s ]
SQL: SELECT * FROM `user` WHERE ( id = 9 ) LIMIT 1   [ RunTime:0.0003s ]
SQL: SHOW COLUMNS FROM `company` [ RunTime:0.0046s ]
SQL: SELECT * FROM `company`  [ RunTime:0.0003s ]
INFO: [ view_parse ] --START--
INFO: [ template_filter ] --START--
INFO: Run Behavior\ContentReplaceBehavior [ RunTime:0.000173s ]
INFO: [ template_filter ] --END-- [ RunTime:0.000402s ]
NOTIC: [8] Use of undefined constant company_id - assumed 'company_id' D:\wamp\www\appserver1\Application\Runtime\Cache\Login\c0ff235c7dd959bed8fcd986a0fbf363.php 第 219 行.
NOTIC: [8] Use of undefined constant id - assumed 'id' D:\wamp\www\appserver1\Application\Runtime\Cache\Login\c0ff235c7dd959bed8fcd986a0fbf363.php 第 219 行.
NOTIC: [8] Use of undefined constant company_id - assumed 'company_id' D:\wamp\www\appserver1\Application\Runtime\Cache\Login\c0ff235c7dd959bed8fcd986a0fbf363.php 第 219 行.
NOTIC: [8] Use of undefined constant id - assumed 'id' D:\wamp\www\appserver1\Application\Runtime\Cache\Login\c0ff235c7dd959bed8fcd986a0fbf363.php 第 219 行.
NOTIC: [8] Use of undefined constant company_id - assumed 'company_id' D:\wamp\www\appserver1\Application\Runtime\Cache\Login\c0ff235c7dd959bed8fcd986a0fbf363.php 第 219 行.
NOTIC: [8] Use of undefined constant id - assumed 'id' D:\wamp\www\appserver1\Application\Runtime\Cache\Login\c0ff235c7dd959bed8fcd986a0fbf363.php 第 219 行.
NOTIC: [8] Undefined variable: page D:\wamp\www\appserver1\Application\Runtime\Cache\Login\c0ff235c7dd959bed8fcd986a0fbf363.php 第 273 行.
INFO: Run Behavior\ParseTemplateBehavior [ RunTime:0.038601s ]
INFO: [ view_parse ] --END-- [ RunTime:0.038800s ]
INFO: [ view_filter ] --START--
INFO: Run Behavior\WriteHtmlCacheBehavior [ RunTime:0.000365s ]
INFO: [ view_filter ] --END-- [ RunTime:0.000550s ]
INFO: [ app_end ] --START--
INFO: Run Behavior\ShowPageTraceBehavior [ RunTime:0.000644s ]
INFO: [ app_end ] --END-- [ RunTime:0.000864s ]

[ 2015-10-12T14:22:51+08:00 ] 127.0.0.1 /appserver1/index.php/Login/User/userlist.html
INFO: [ app_init ] --START--
INFO: Run Behavior\BuildLiteBehavior [ RunTime:0.000041s ]
INFO: [ app_init ] --END-- [ RunTime:0.000700s ]
INFO: [ app_begin ] --START--
INFO: Run Behavior\ReadHtmlCacheBehavior [ RunTime:0.001133s ]
INFO: [ app_begin ] --END-- [ RunTime:0.001438s ]
SQL: SHOW COLUMNS FROM `user` [ RunTime:0.0062s ]
SQL: SELECT COUNT(*) AS tp_count FROM `user` LIMIT 1   [ RunTime:0.0008s ]
SQL: SELECT * FROM `user` ORDER BY date_create desc LIMIT 0,10   [ RunTime:0.0003s ]
SQL: SHOW COLUMNS FROM `company` [ RunTime:0.0041s ]
SQL: SELECT * FROM `company` WHERE ( id = 0 ) LIMIT 1   [ RunTime:0.0003s ]
SQL: SELECT * FROM `company` WHERE ( id = 5 ) LIMIT 1   [ RunTime:0.0003s ]
SQL: SELECT * FROM `company` WHERE ( id = 1 ) LIMIT 1   [ RunTime:0.0003s ]
INFO: [ view_parse ] --START--
INFO: [ template_filter ] --START--
INFO: Run Behavior\ContentReplaceBehavior [ RunTime:0.000172s ]
INFO: [ template_filter ] --END-- [ RunTime:0.000409s ]
INFO: Run Behavior\ParseTemplateBehavior [ RunTime:0.024018s ]
INFO: [ view_parse ] --END-- [ RunTime:0.024232s ]
INFO: [ view_filter ] --START--
INFO: Run Behavior\WriteHtmlCacheBehavior [ RunTime:0.000529s ]
INFO: [ view_filter ] --END-- [ RunTime:0.000730s ]
INFO: [ app_end ] --START--
INFO: Run Behavior\ShowPageTraceBehavior [ RunTime:0.000649s ]
INFO: [ app_end ] --END-- [ RunTime:0.000838s ]

[ 2015-10-12T14:22:52+08:00 ] 127.0.0.1 /appserver1/index.php/Login/user/usercreate.html
INFO: [ app_init ] --START--
INFO: Run Behavior\BuildLiteBehavior [ RunTime:0.000048s ]
INFO: [ app_init ] --END-- [ RunTime:0.000620s ]
INFO: [ app_begin ] --START--
INFO: Run Behavior\ReadHtmlCacheBehavior [ RunTime:0.000645s ]
INFO: [ app_begin ] --END-- [ RunTime:0.000836s ]
SQL: SHOW COLUMNS FROM `company` [ RunTime:0.0046s ]
SQL: SELECT * FROM `company`  [ RunTime:0.0003s ]
INFO: [ view_parse ] --START--
INFO: [ template_filter ] --START--
INFO: Run Behavior\ContentReplaceBehavior [ RunTime:0.000172s ]
INFO: [ template_filter ] --END-- [ RunTime:0.000373s ]
NOTIC: [8] Undefined variable: page D:\wamp\www\appserver1\Application\Runtime\Cache\Login\4effa2c85b1a4c953a7c8380af749321.php 第 270 行.
INFO: Run Behavior\ParseTemplateBehavior [ RunTime:0.030200s ]
INFO: [ view_parse ] --END-- [ RunTime:0.030396s ]
INFO: [ view_filter ] --START--
INFO: Run Behavior\WriteHtmlCacheBehavior [ RunTime:0.000349s ]
INFO: [ view_filter ] --END-- [ RunTime:0.000540s ]
INFO: [ app_end ] --START--
INFO: Run Behavior\ShowPageTraceBehavior [ RunTime:0.000659s ]
INFO: [ app_end ] --END-- [ RunTime:0.000851s ]

[ 2015-10-12T14:23:28+08:00 ] 127.0.0.1 /appserver1/index.php/Login/User/useradd
INFO: [ app_init ] --START--
INFO: Run Behavior\BuildLiteBehavior [ RunTime:0.000103s ]
INFO: [ app_init ] --END-- [ RunTime:0.000819s ]
INFO: [ app_begin ] --START--
INFO: Run Behavior\ReadHtmlCacheBehavior [ RunTime:0.000628s ]
INFO: [ app_begin ] --END-- [ RunTime:0.000825s ]
SQL: SHOW COLUMNS FROM `user` [ RunTime:0.0044s ]
SQL: SHOW COLUMNS FROM `companyuser` [ RunTime:0.0041s ]
NOTIC: [8] Undefined index: address D:\wamp\www\appserver1\Application\Login\Controller\UserController.class.php 第 62 行.
SQL: INSERT INTO `user` (`name`,`phone`,`company_id`,`address`,`username`,`password`,`role`,`date_create`) VALUES ('测试','12345678901','5',NULL,'测试','123456','微宝后台管理','2015-10-12') [ RunTime:0.0764s ]
SQL: INSERT INTO `companyuser` (`name`,`phone`,`company_id`,`username`,`password`) VALUES ('测试','12345678901','5','测试','123456') [ RunTime:0.0569s ]

[ 2015-10-12T14:23:28+08:00 ] 127.0.0.1 /appserver1/index.php/Login/User/userlist.html
INFO: [ app_init ] --START--
INFO: Run Behavior\BuildLiteBehavior [ RunTime:0.000040s ]
INFO: [ app_init ] --END-- [ RunTime:0.000602s ]
INFO: [ app_begin ] --START--
INFO: Run Behavior\ReadHtmlCacheBehavior [ RunTime:0.000750s ]
INFO: [ app_begin ] --END-- [ RunTime:0.000950s ]
SQL: SHOW COLUMNS FROM `user` [ RunTime:0.0044s ]
SQL: SELECT COUNT(*) AS tp_count FROM `user` LIMIT 1   [ RunTime:0.0003s ]
SQL: SELECT * FROM `user` ORDER BY date_create desc LIMIT 0,10   [ RunTime:0.0003s ]
SQL: SHOW COLUMNS FROM `company` [ RunTime:0.0039s ]
SQL: SELECT * FROM `company` WHERE ( id = 5 ) LIMIT 1   [ RunTime:0.0002s ]
SQL: SELECT * FROM `company` WHERE ( id = 0 ) LIMIT 1   [ RunTime:0.0002s ]
SQL: SELECT * FROM `company` WHERE ( id = 5 ) LIMIT 1   [ RunTime:0.0002s ]
SQL: SELECT * FROM `company` WHERE ( id = 1 ) LIMIT 1   [ RunTime:0.0002s ]
INFO: [ view_parse ] --START--
INFO: [ template_filter ] --START--
INFO: Run Behavior\ContentReplaceBehavior [ RunTime:0.000169s ]
INFO: [ template_filter ] --END-- [ RunTime:0.000396s ]
INFO: Run Behavior\ParseTemplateBehavior [ RunTime:0.025458s ]
INFO: [ view_parse ] --END-- [ RunTime:0.025671s ]
INFO: [ view_filter ] --START--
INFO: Run Behavior\WriteHtmlCacheBehavior [ RunTime:0.000708s ]
INFO: [ view_filter ] --END-- [ RunTime:0.000899s ]
INFO: [ app_end ] --START--
INFO: Run Behavior\ShowPageTraceBehavior [ RunTime:0.001015s ]
INFO: [ app_end ] --END-- [ RunTime:0.001506s ]

