[ 2015-10-21T14:36:35+08:00 ] 127.0.0.1 /appserver/?s=front/front/index
INFO: [ app_init ] --START--
INFO: Run Behavior\BuildLiteBehavior [ RunTime:0.000066s ]
INFO: [ app_init ] --END-- [ RunTime:0.001877s ]
INFO: [ app_begin ] --START--
INFO: Run Behavior\ReadHtmlCacheBehavior [ RunTime:0.001287s ]
INFO: [ app_begin ] --END-- [ RunTime:0.001586s ]
NOTIC: [8] Undefined index: xinxi D:\wamp\www\appserver\Application\Front\Controller\FrontController.class.php 第 15 行.
INFO: [ view_parse ] --START--
INFO: [ template_filter ] --START--
INFO: Run Behavior\ContentReplaceBehavior [ RunTime:0.000118s ]
INFO: [ template_filter ] --END-- [ RunTime:0.000327s ]
INFO: Run Behavior\ParseTemplateBehavior [ RunTime:0.020583s ]
INFO: [ view_parse ] --END-- [ RunTime:0.020858s ]
INFO: [ view_filter ] --START--
INFO: Run Behavior\WriteHtmlCacheBehavior [ RunTime:0.000464s ]
INFO: [ view_filter ] --END-- [ RunTime:0.000648s ]
INFO: [ app_end ] --START--
INFO: Run Behavior\ShowPageTraceBehavior [ RunTime:0.000845s ]
INFO: [ app_end ] --END-- [ RunTime:0.001036s ]

[ 2015-10-21T14:36:37+08:00 ] 127.0.0.1 /appserver/index.php/Front/Front/login
INFO: [ app_init ] --START--
INFO: Run Behavior\BuildLiteBehavior [ RunTime:0.000038s ]
INFO: [ app_init ] --END-- [ RunTime:0.000610s ]
INFO: [ app_begin ] --START--
INFO: Run Behavior\ReadHtmlCacheBehavior [ RunTime:0.000739s ]
INFO: [ app_begin ] --END-- [ RunTime:0.000929s ]
SQL: SHOW COLUMNS FROM `user` [ RunTime:0.1178s ]
SQL: SELECT * FROM `user` WHERE `username` = 'gengyongxin' AND `password` = 'gengyongxin' LIMIT 1   [ RunTime:0.0010s ]

[ 2015-10-21T14:36:38+08:00 ] 127.0.0.1 /appserver/index.php/Front/Front/mokuailist.html
INFO: [ app_init ] --START--
INFO: Run Behavior\BuildLiteBehavior [ RunTime:0.000042s ]
INFO: [ app_init ] --END-- [ RunTime:0.000597s ]
INFO: [ app_begin ] --START--
INFO: Run Behavior\ReadHtmlCacheBehavior [ RunTime:0.000661s ]
INFO: [ app_begin ] --END-- [ RunTime:0.000856s ]
SQL: SHOW COLUMNS FROM `mokuai` [ RunTime:0.0142s ]
SQL: SELECT COUNT(*) AS tp_count FROM `mokuai` LIMIT 1   [ RunTime:0.0006s ]
SQL: SELECT * FROM `mokuai` WHERE `begin_date` <= '2015-10-21' AND `over_date` >= '2015-10-21' AND `company_id` = '5' ORDER BY add_date desc LIMIT 0,10   [ RunTime:0.0005s ]
SQL: SHOW COLUMNS FROM `gongneng` [ RunTime:0.0255s ]
SQL: SELECT * FROM `gongneng` WHERE ( id = 2 ) LIMIT 1   [ RunTime:0.0004s ]
SQL: SELECT * FROM `gongneng` WHERE ( id = 2 ) LIMIT 1   [ RunTime:0.0003s ]
SQL: SELECT * FROM `gongneng` WHERE ( id = 2 ) LIMIT 1   [ RunTime:0.0002s ]
INFO: [ view_parse ] --START--
NOTIC: [2] file_get_contents(./Application/Front/View/./Login/loginside.html) [<a href='function.file-get-contents'>function.file-get-contents</a>]: failed to open stream: No such file or directory D:\wamp\www\appserver\ThinkPHP\Library\Think\Template.class.php 第 696 行.
INFO: [ template_filter ] --START--
INFO: Run Behavior\ContentReplaceBehavior [ RunTime:0.000169s ]
INFO: [ template_filter ] --END-- [ RunTime:0.000374s ]
NOTIC: [8] Undefined index: adddate D:\wamp\www\appserver\Application\Runtime\Cache\Front\88af68aff2b683629acaef4904a61a53.php 第 144 行.
NOTIC: [8] Undefined index: adddate D:\wamp\www\appserver\Application\Runtime\Cache\Front\88af68aff2b683629acaef4904a61a53.php 第 144 行.
NOTIC: [8] Undefined index: adddate D:\wamp\www\appserver\Application\Runtime\Cache\Front\88af68aff2b683629acaef4904a61a53.php 第 144 行.
INFO: Run Behavior\ParseTemplateBehavior [ RunTime:0.028404s ]
INFO: [ view_parse ] --END-- [ RunTime:0.028616s ]
INFO: [ view_filter ] --START--
INFO: Run Behavior\WriteHtmlCacheBehavior [ RunTime:0.000658s ]
INFO: [ view_filter ] --END-- [ RunTime:0.000847s ]
INFO: [ app_end ] --START--
INFO: Run Behavior\ShowPageTraceBehavior [ RunTime:0.000803s ]
INFO: [ app_end ] --END-- [ RunTime:0.000995s ]

[ 2015-10-21T14:36:40+08:00 ] 127.0.0.1 /appserver/index.php/Front/Front/companyuserlist/mokuai_id/4
INFO: [ app_init ] --START--
INFO: Run Behavior\BuildLiteBehavior [ RunTime:0.000041s ]
INFO: [ app_init ] --END-- [ RunTime:0.000659s ]
INFO: [ app_begin ] --START--
INFO: Run Behavior\ReadHtmlCacheBehavior [ RunTime:0.000826s ]
INFO: [ app_begin ] --END-- [ RunTime:0.001027s ]
SQL: SHOW COLUMNS FROM `companyuser` [ RunTime:0.0296s ]
SQL: SHOW COLUMNS FROM `member` [ RunTime:0.0330s ]
SQL: SELECT COUNT(*) AS tp_count FROM `companyuser` LIMIT 1   [ RunTime:0.0003s ]
SQL: SELECT * FROM `companyuser` WHERE `mokuai_id` = '4' AND `company_id` = '5' ORDER BY add_date desc LIMIT 0,10   [ RunTime:0.0006s ]
SQL: SELECT * FROM `member` WHERE ( id=2 ) LIMIT 1   [ RunTime:0.0003s ]
SQL: SELECT * FROM `member` WHERE ( id=3 ) LIMIT 1   [ RunTime:0.0002s ]
SQL: SELECT * FROM `member` WHERE ( id=2 ) LIMIT 1   [ RunTime:0.0002s ]
INFO: [ view_parse ] --START--
INFO: [ template_filter ] --START--
INFO: Run Behavior\ContentReplaceBehavior [ RunTime:0.000171s ]
INFO: [ template_filter ] --END-- [ RunTime:0.000382s ]
INFO: Run Behavior\ParseTemplateBehavior [ RunTime:0.023147s ]
INFO: [ view_parse ] --END-- [ RunTime:0.023363s ]
INFO: [ view_filter ] --START--
INFO: Run Behavior\WriteHtmlCacheBehavior [ RunTime:0.000470s ]
INFO: [ view_filter ] --END-- [ RunTime:0.000661s ]
INFO: [ app_end ] --START--
INFO: Run Behavior\ShowPageTraceBehavior [ RunTime:0.000772s ]
INFO: [ app_end ] --END-- [ RunTime:0.000959s ]

[ 2015-10-21T14:36:43+08:00 ] 127.0.0.1 /appserver/index.php/Front/Front/companyuserlist/mokuai_id/4.html
INFO: [ app_init ] --START--
INFO: Run Behavior\BuildLiteBehavior [ RunTime:0.000040s ]
INFO: [ app_init ] --END-- [ RunTime:0.000593s ]
INFO: [ app_begin ] --START--
INFO: Run Behavior\ReadHtmlCacheBehavior [ RunTime:0.000651s ]
INFO: [ app_begin ] --END-- [ RunTime:0.000841s ]
SQL: SHOW COLUMNS FROM `companyuser` [ RunTime:0.0049s ]
SQL: SHOW COLUMNS FROM `member` [ RunTime:0.0034s ]
SQL: SELECT COUNT(*) AS tp_count FROM `companyuser` LIMIT 1   [ RunTime:0.0003s ]
SQL: SELECT * FROM `companyuser` WHERE `mokuai_id` = '4' AND `company_id` = '5' ORDER BY add_date desc LIMIT 0,10   [ RunTime:0.0004s ]
SQL: SELECT * FROM `member` WHERE ( id=2 ) LIMIT 1   [ RunTime:0.0002s ]
SQL: SELECT * FROM `member` WHERE ( id=3 ) LIMIT 1   [ RunTime:0.0002s ]
SQL: SELECT * FROM `member` WHERE ( id=2 ) LIMIT 1   [ RunTime:0.0002s ]
INFO: [ view_parse ] --START--
INFO: [ template_filter ] --START--
INFO: Run Behavior\ContentReplaceBehavior [ RunTime:0.000170s ]
INFO: [ template_filter ] --END-- [ RunTime:0.000375s ]
INFO: Run Behavior\ParseTemplateBehavior [ RunTime:0.022502s ]
INFO: [ view_parse ] --END-- [ RunTime:0.022759s ]
INFO: [ view_filter ] --START--
INFO: Run Behavior\WriteHtmlCacheBehavior [ RunTime:0.000508s ]
INFO: [ view_filter ] --END-- [ RunTime:0.000698s ]
INFO: [ app_end ] --START--
INFO: Run Behavior\ShowPageTraceBehavior [ RunTime:0.000716s ]
INFO: [ app_end ] --END-- [ RunTime:0.001095s ]

[ 2015-10-21T14:36:46+08:00 ] 127.0.0.1 /appserver/index.php/Front/front/companyusercreate/mokuai_id/4.html
INFO: [ app_init ] --START--
INFO: Run Behavior\BuildLiteBehavior [ RunTime:0.000047s ]
INFO: [ app_init ] --END-- [ RunTime:0.000708s ]
INFO: [ app_begin ] --START--
INFO: Run Behavior\ReadHtmlCacheBehavior [ RunTime:0.000814s ]
INFO: [ app_begin ] --END-- [ RunTime:0.001049s ]
SQL: SHOW COLUMNS FROM `mokuai` [ RunTime:0.0036s ]
SQL: SELECT * FROM `mokuai` WHERE `company_id` = '5'  [ RunTime:0.0005s ]
INFO: [ view_parse ] --START--
INFO: [ template_filter ] --START--
INFO: Run Behavior\ContentReplaceBehavior [ RunTime:0.000185s ]
INFO: [ template_filter ] --END-- [ RunTime:0.000393s ]
NOTIC: [8] Undefined variable: page D:\wamp\www\appserver\Application\Runtime\Cache\Front\945be1b5d528bb9c39e176b0a9645526.php 第 269 行.
INFO: Run Behavior\ParseTemplateBehavior [ RunTime:0.016165s ]
INFO: [ view_parse ] --END-- [ RunTime:0.016371s ]
INFO: [ view_filter ] --START--
INFO: Run Behavior\WriteHtmlCacheBehavior [ RunTime:0.000353s ]
INFO: [ view_filter ] --END-- [ RunTime:0.000554s ]
INFO: [ app_end ] --START--
INFO: Run Behavior\ShowPageTraceBehavior [ RunTime:0.000637s ]
INFO: [ app_end ] --END-- [ RunTime:0.000825s ]

[ 2015-10-21T14:36:58+08:00 ] 127.0.0.1 /appserver/index.php/Front/Front/companyuseradd
INFO: [ app_init ] --START--
INFO: Run Behavior\BuildLiteBehavior [ RunTime:0.000044s ]
INFO: [ app_init ] --END-- [ RunTime:0.000626s ]
INFO: [ app_begin ] --START--
INFO: Run Behavior\ReadHtmlCacheBehavior [ RunTime:0.000692s ]
INFO: [ app_begin ] --END-- [ RunTime:0.000891s ]
SQL: SHOW COLUMNS FROM `companyuser` [ RunTime:0.0043s ]
SQL: SHOW COLUMNS FROM `member` [ RunTime:0.0036s ]
NOTIC: [8] Use of undefined constant company_id - assumed 'company_id' D:\wamp\www\appserver\Application\Front\Controller\FrontController.class.php 第 188 行.
SQL: SELECT * FROM `companyuser` WHERE `company_id` = '5' ORDER BY id desc LIMIT 1   [ RunTime:0.0004s ]
SQL: SELECT * FROM `member` WHERE `jifen` <= '789' AND `mokuai_id` = '4' ORDER BY jifen desc LIMIT 1   [ RunTime:0.0002s ]
SQL: INSERT INTO `companyuser` (`mokuai_id`,`username`,`password`,`name`,`phone`,`shengri`,`jifen`,`company_id`,`huiyuanbianhao`,`add_date`,`zongjifen`,`huiyuan_id`) VALUES ('4','789','789','789','789','789','789','5','5144540941812','2015-10-21','789','1') [ RunTime:0.0718s ]

[ 2015-10-21T14:36:58+08:00 ] 127.0.0.1 /appserver/index.php/Front/front/companyuserlist/mokuai_id/4.html
INFO: [ app_init ] --START--
INFO: Run Behavior\BuildLiteBehavior [ RunTime:0.000040s ]
INFO: [ app_init ] --END-- [ RunTime:0.000585s ]
INFO: [ app_begin ] --START--
INFO: Run Behavior\ReadHtmlCacheBehavior [ RunTime:0.000650s ]
INFO: [ app_begin ] --END-- [ RunTime:0.000844s ]
SQL: SHOW COLUMNS FROM `companyuser` [ RunTime:0.0039s ]
SQL: SHOW COLUMNS FROM `member` [ RunTime:0.0035s ]
SQL: SELECT COUNT(*) AS tp_count FROM `companyuser` LIMIT 1   [ RunTime:0.0010s ]
SQL: SELECT * FROM `companyuser` WHERE `mokuai_id` = '4' AND `company_id` = '5' ORDER BY add_date desc LIMIT 0,10   [ RunTime:0.0006s ]
SQL: SELECT * FROM `member` WHERE ( id=1 ) LIMIT 1   [ RunTime:0.0003s ]
SQL: SELECT * FROM `member` WHERE ( id=2 ) LIMIT 1   [ RunTime:0.0002s ]
SQL: SELECT * FROM `member` WHERE ( id=3 ) LIMIT 1   [ RunTime:0.0002s ]
SQL: SELECT * FROM `member` WHERE ( id=2 ) LIMIT 1   [ RunTime:0.0002s ]
INFO: [ view_parse ] --START--
INFO: [ template_filter ] --START--
INFO: Run Behavior\ContentReplaceBehavior [ RunTime:0.000197s ]
INFO: [ template_filter ] --END-- [ RunTime:0.000407s ]
INFO: Run Behavior\ParseTemplateBehavior [ RunTime:0.023767s ]
INFO: [ view_parse ] --END-- [ RunTime:0.024006s ]
INFO: [ view_filter ] --START--
INFO: Run Behavior\WriteHtmlCacheBehavior [ RunTime:0.000704s ]
INFO: [ view_filter ] --END-- [ RunTime:0.000898s ]
INFO: [ app_end ] --START--
INFO: Run Behavior\ShowPageTraceBehavior [ RunTime:0.000717s ]
INFO: [ app_end ] --END-- [ RunTime:0.000930s ]

[ 2015-10-21T14:48:47+08:00 ] 127.0.0.1 /appserver/index.php/Front/front/companyusercreate/mokuai_id/4.html
INFO: [ app_init ] --START--
INFO: Run Behavior\BuildLiteBehavior [ RunTime:0.000041s ]
INFO: [ app_init ] --END-- [ RunTime:0.000638s ]
INFO: [ app_begin ] --START--
INFO: Run Behavior\ReadHtmlCacheBehavior [ RunTime:0.000759s ]
INFO: [ app_begin ] --END-- [ RunTime:0.000953s ]
SQL: SHOW COLUMNS FROM `mokuai` [ RunTime:0.0037s ]
SQL: SELECT * FROM `mokuai` WHERE `company_id` = '5'  [ RunTime:0.0004s ]
INFO: [ view_parse ] --START--
INFO: [ template_filter ] --START--
INFO: Run Behavior\ContentReplaceBehavior [ RunTime:0.000186s ]
INFO: [ template_filter ] --END-- [ RunTime:0.000387s ]
NOTIC: [8] Undefined variable: page D:\wamp\www\appserver\Application\Runtime\Cache\Front\945be1b5d528bb9c39e176b0a9645526.php 第 269 行.
INFO: Run Behavior\ParseTemplateBehavior [ RunTime:0.016679s ]
INFO: [ view_parse ] --END-- [ RunTime:0.016892s ]
INFO: [ view_filter ] --START--
INFO: Run Behavior\WriteHtmlCacheBehavior [ RunTime:0.000439s ]
INFO: [ view_filter ] --END-- [ RunTime:0.000625s ]
INFO: [ app_end ] --START--
INFO: Run Behavior\ShowPageTraceBehavior [ RunTime:0.000734s ]
INFO: [ app_end ] --END-- [ RunTime:0.000927s ]

[ 2015-10-21T14:48:59+08:00 ] 127.0.0.1 /appserver/index.php/Front/Front/companyuseradd
INFO: [ app_init ] --START--
INFO: Run Behavior\BuildLiteBehavior [ RunTime:0.000039s ]
INFO: [ app_init ] --END-- [ RunTime:0.000597s ]
INFO: [ app_begin ] --START--
INFO: Run Behavior\ReadHtmlCacheBehavior [ RunTime:0.000631s ]
INFO: [ app_begin ] --END-- [ RunTime:0.000821s ]
SQL: SHOW COLUMNS FROM `companyuser` [ RunTime:0.0035s ]
SQL: SHOW COLUMNS FROM `member` [ RunTime:0.0030s ]
NOTIC: [8] Use of undefined constant company_id - assumed 'company_id' D:\wamp\www\appserver\Application\Front\Controller\FrontController.class.php 第 188 行.
SQL: SELECT * FROM `companyuser` WHERE `company_id` = '5' ORDER BY id desc LIMIT 1   [ RunTime:0.0004s ]
SQL: SELECT * FROM `member` WHERE `jifen` <= '123' AND `mokuai_id` = '6' ORDER BY jifen desc LIMIT 1   [ RunTime:0.0003s ]
SQL: INSERT INTO `companyuser` (`mokuai_id`,`username`,`password`,`name`,`phone`,`shengri`,`jifen`,`company_id`,`huiyuanbianhao`,`add_date`,`zongjifen`,`huiyuan_id`) VALUES ('6','123','123','123','13','123','123','5','5144541013813','2015-10-21','123',NULL) [ RunTime:0.0831s ]

[ 2015-10-21T14:48:59+08:00 ] 127.0.0.1 /appserver/index.php/Front/front/companyuserlist/mokuai_id/6.html
INFO: [ app_init ] --START--
INFO: Run Behavior\BuildLiteBehavior [ RunTime:0.000055s ]
INFO: [ app_init ] --END-- [ RunTime:0.000813s ]
INFO: [ app_begin ] --START--
INFO: Run Behavior\ReadHtmlCacheBehavior [ RunTime:0.000818s ]
INFO: [ app_begin ] --END-- [ RunTime:0.001094s ]
SQL: SHOW COLUMNS FROM `companyuser` [ RunTime:0.0035s ]
SQL: SHOW COLUMNS FROM `member` [ RunTime:0.0034s ]
SQL: SELECT COUNT(*) AS tp_count FROM `companyuser` LIMIT 1   [ RunTime:0.0003s ]
SQL: SELECT * FROM `companyuser` WHERE `mokuai_id` = '6' AND `company_id` = '5' ORDER BY add_date desc LIMIT 0,10   [ RunTime:0.0004s ]
ERR: SQLSTATE[42000]: Syntax error or access violation: 1064 You have an error in your SQL syntax; check the manual that corresponds to your MySQL server version for the right syntax to use near ') LIMIT 1' at line 1

[ 2015-10-21T14:49:16+08:00 ] 127.0.0.1 /appserver/index.php/Front/Front/companyuseradd
INFO: [ app_init ] --START--
INFO: Run Behavior\BuildLiteBehavior [ RunTime:0.000087s ]
INFO: [ app_init ] --END-- [ RunTime:0.000747s ]
INFO: [ app_begin ] --START--
INFO: Run Behavior\ReadHtmlCacheBehavior [ RunTime:0.000750s ]
INFO: [ app_begin ] --END-- [ RunTime:0.001095s ]
SQL: SHOW COLUMNS FROM `companyuser` [ RunTime:0.0043s ]
SQL: SHOW COLUMNS FROM `member` [ RunTime:0.0036s ]
NOTIC: [8] Use of undefined constant company_id - assumed 'company_id' D:\wamp\www\appserver\Application\Front\Controller\FrontController.class.php 第 188 行.
SQL: SELECT * FROM `companyuser` WHERE `company_id` = '5' ORDER BY id desc LIMIT 1   [ RunTime:0.0004s ]
SQL: SELECT * FROM `member` WHERE `jifen` <= '1234' AND `mokuai_id` = '6' ORDER BY jifen desc LIMIT 1   [ RunTime:0.0005s ]
SQL: INSERT INTO `companyuser` (`mokuai_id`,`username`,`password`,`name`,`phone`,`shengri`,`jifen`,`company_id`,`huiyuanbianhao`,`add_date`,`zongjifen`,`huiyuan_id`) VALUES ('6','123','123','123','13','123','1234','5','5144541015614','2015-10-21','1234','4') [ RunTime:0.1147s ]

[ 2015-10-21T14:49:16+08:00 ] 127.0.0.1 /appserver/index.php/Front/front/companyuserlist/mokuai_id/6.html
INFO: [ app_init ] --START--
INFO: Run Behavior\BuildLiteBehavior [ RunTime:0.000060s ]
INFO: [ app_init ] --END-- [ RunTime:0.000934s ]
INFO: [ app_begin ] --START--
INFO: Run Behavior\ReadHtmlCacheBehavior [ RunTime:0.001114s ]
INFO: [ app_begin ] --END-- [ RunTime:0.001406s ]
SQL: SHOW COLUMNS FROM `companyuser` [ RunTime:0.0035s ]
SQL: SHOW COLUMNS FROM `member` [ RunTime:0.0033s ]
SQL: SELECT COUNT(*) AS tp_count FROM `companyuser` LIMIT 1   [ RunTime:0.0003s ]
SQL: SELECT * FROM `companyuser` WHERE `mokuai_id` = '6' AND `company_id` = '5' ORDER BY add_date desc LIMIT 0,10   [ RunTime:0.0004s ]
ERR: SQLSTATE[42000]: Syntax error or access violation: 1064 You have an error in your SQL syntax; check the manual that corresponds to your MySQL server version for the right syntax to use near ') LIMIT 1' at line 1

[ 2015-10-21T14:49:29+08:00 ] 127.0.0.1 /appserver/index.php/Front/Front/companyuseredit/id/12/mokuai_id/4.html
INFO: [ app_init ] --START--
INFO: Run Behavior\BuildLiteBehavior [ RunTime:0.000039s ]
INFO: [ app_init ] --END-- [ RunTime:0.000694s ]
INFO: [ app_begin ] --START--
INFO: Run Behavior\ReadHtmlCacheBehavior [ RunTime:0.000789s ]
INFO: [ app_begin ] --END-- [ RunTime:0.000982s ]
SQL: SHOW COLUMNS FROM `companyuser` [ RunTime:0.0035s ]
SQL: SHOW COLUMNS FROM `mokuai` [ RunTime:0.0036s ]
SQL: SELECT * FROM `mokuai` WHERE `company_id` = '5'  [ RunTime:0.0004s ]
SQL: SELECT * FROM `companyuser` WHERE `id` = 12 AND `mokuai_id` = '4' LIMIT 1   [ RunTime:0.0003s ]
INFO: [ view_parse ] --START--
INFO: [ template_filter ] --START--
INFO: Run Behavior\ContentReplaceBehavior [ RunTime:0.000178s ]
INFO: [ template_filter ] --END-- [ RunTime:0.000373s ]
NOTIC: [8] Undefined variable: page D:\wamp\www\appserver\Application\Runtime\Cache\Front\685e34c33af5b2504f2ec54fdd0454cc.php 第 270 行.
INFO: Run Behavior\ParseTemplateBehavior [ RunTime:0.017939s ]
INFO: [ view_parse ] --END-- [ RunTime:0.018148s ]
INFO: [ view_filter ] --START--
INFO: Run Behavior\WriteHtmlCacheBehavior [ RunTime:0.000458s ]
INFO: [ view_filter ] --END-- [ RunTime:0.000641s ]
INFO: [ app_end ] --START--
INFO: Run Behavior\ShowPageTraceBehavior [ RunTime:0.000748s ]
INFO: [ app_end ] --END-- [ RunTime:0.000933s ]

[ 2015-10-21T14:49:34+08:00 ] 127.0.0.1 /appserver/index.php/Front/front/companyusercreate/mokuai_id/4.html
INFO: [ app_init ] --START--
INFO: Run Behavior\BuildLiteBehavior [ RunTime:0.000040s ]
INFO: [ app_init ] --END-- [ RunTime:0.000578s ]
INFO: [ app_begin ] --START--
INFO: Run Behavior\ReadHtmlCacheBehavior [ RunTime:0.000795s ]
INFO: [ app_begin ] --END-- [ RunTime:0.000993s ]
SQL: SHOW COLUMNS FROM `mokuai` [ RunTime:0.0034s ]
SQL: SELECT * FROM `mokuai` WHERE `company_id` = '5'  [ RunTime:0.0004s ]
INFO: [ view_parse ] --START--
INFO: [ template_filter ] --START--
INFO: Run Behavior\ContentReplaceBehavior [ RunTime:0.000185s ]
INFO: [ template_filter ] --END-- [ RunTime:0.000394s ]
NOTIC: [8] Undefined variable: page D:\wamp\www\appserver\Application\Runtime\Cache\Front\945be1b5d528bb9c39e176b0a9645526.php 第 269 行.
INFO: Run Behavior\ParseTemplateBehavior [ RunTime:0.019008s ]
INFO: [ view_parse ] --END-- [ RunTime:0.019215s ]
INFO: [ view_filter ] --START--
INFO: Run Behavior\WriteHtmlCacheBehavior [ RunTime:0.001385s ]
INFO: [ view_filter ] --END-- [ RunTime:0.001571s ]
INFO: [ app_end ] --START--
INFO: Run Behavior\ShowPageTraceBehavior [ RunTime:0.000736s ]
INFO: [ app_end ] --END-- [ RunTime:0.000925s ]

[ 2015-10-21T14:49:45+08:00 ] 127.0.0.1 /appserver/index.php/Front/Front/companyuseradd
INFO: [ app_init ] --START--
INFO: Run Behavior\BuildLiteBehavior [ RunTime:0.000043s ]
INFO: [ app_init ] --END-- [ RunTime:0.000737s ]
INFO: [ app_begin ] --START--
INFO: Run Behavior\ReadHtmlCacheBehavior [ RunTime:0.000933s ]
INFO: [ app_begin ] --END-- [ RunTime:0.001146s ]
SQL: SHOW COLUMNS FROM `companyuser` [ RunTime:0.0075s ]
SQL: SHOW COLUMNS FROM `member` [ RunTime:0.0040s ]
NOTIC: [8] Use of undefined constant company_id - assumed 'company_id' D:\wamp\www\appserver\Application\Front\Controller\FrontController.class.php 第 188 行.
SQL: SELECT * FROM `companyuser` WHERE `company_id` = '5' ORDER BY id desc LIMIT 1   [ RunTime:0.0006s ]
SQL: SELECT * FROM `member` WHERE `jifen` <= '789' AND `mokuai_id` = '6' ORDER BY jifen desc LIMIT 1   [ RunTime:0.0003s ]
SQL: INSERT INTO `companyuser` (`mokuai_id`,`username`,`password`,`name`,`phone`,`shengri`,`jifen`,`company_id`,`huiyuanbianhao`,`add_date`,`zongjifen`,`huiyuan_id`) VALUES ('6','789','789','789','789','789','789','5','5144541018515','2015-10-21','789',NULL) [ RunTime:0.0695s ]

[ 2015-10-21T14:49:45+08:00 ] 127.0.0.1 /appserver/index.php/Front/front/companyuserlist/mokuai_id/6.html
INFO: [ app_init ] --START--
INFO: Run Behavior\BuildLiteBehavior [ RunTime:0.000040s ]
INFO: [ app_init ] --END-- [ RunTime:0.000564s ]
INFO: [ app_begin ] --START--
INFO: Run Behavior\ReadHtmlCacheBehavior [ RunTime:0.000632s ]
INFO: [ app_begin ] --END-- [ RunTime:0.000822s ]
SQL: SHOW COLUMNS FROM `companyuser` [ RunTime:0.0038s ]
SQL: SHOW COLUMNS FROM `member` [ RunTime:0.0034s ]
SQL: SELECT COUNT(*) AS tp_count FROM `companyuser` LIMIT 1   [ RunTime:0.0003s ]
SQL: SELECT * FROM `companyuser` WHERE `mokuai_id` = '6' AND `company_id` = '5' ORDER BY add_date desc LIMIT 0,10   [ RunTime:0.0004s ]
ERR: SQLSTATE[42000]: Syntax error or access violation: 1064 You have an error in your SQL syntax; check the manual that corresponds to your MySQL server version for the right syntax to use near ') LIMIT 1' at line 1

[ 2015-10-21T14:50:09+08:00 ] 127.0.0.1 /appserver/index.php/Front/Front/memberlist/mokuai_id/4.html
INFO: [ app_init ] --START--
INFO: Run Behavior\BuildLiteBehavior [ RunTime:0.000039s ]
INFO: [ app_init ] --END-- [ RunTime:0.000578s ]
INFO: [ app_begin ] --START--
INFO: Run Behavior\ReadHtmlCacheBehavior [ RunTime:0.000632s ]
INFO: [ app_begin ] --END-- [ RunTime:0.000824s ]
SQL: SHOW COLUMNS FROM `member` [ RunTime:0.0038s ]
SQL: SELECT COUNT(*) AS tp_count FROM `member` LIMIT 1   [ RunTime:0.0003s ]
SQL: SELECT * FROM `member` WHERE `mokuai_id` = '4' AND `company_id` = '5' ORDER BY add_date desc LIMIT 0,10   [ RunTime:0.0003s ]
INFO: [ view_parse ] --START--
INFO: [ template_filter ] --START--
INFO: Run Behavior\ContentReplaceBehavior [ RunTime:0.000165s ]
INFO: [ template_filter ] --END-- [ RunTime:0.000370s ]
INFO: Run Behavior\ParseTemplateBehavior [ RunTime:0.018889s ]
INFO: [ view_parse ] --END-- [ RunTime:0.019089s ]
INFO: [ view_filter ] --START--
INFO: Run Behavior\WriteHtmlCacheBehavior [ RunTime:0.000467s ]
INFO: [ view_filter ] --END-- [ RunTime:0.000659s ]
INFO: [ app_end ] --START--
INFO: Run Behavior\ShowPageTraceBehavior [ RunTime:0.000754s ]
INFO: [ app_end ] --END-- [ RunTime:0.000941s ]

[ 2015-10-21T14:50:15+08:00 ] 127.0.0.1 /appserver/index.php/Front/Front/companyuserlist/mokuai_id/4.html
INFO: [ app_init ] --START--
INFO: Run Behavior\BuildLiteBehavior [ RunTime:0.000040s ]
INFO: [ app_init ] --END-- [ RunTime:0.000627s ]
INFO: [ app_begin ] --START--
INFO: Run Behavior\ReadHtmlCacheBehavior [ RunTime:0.000792s ]
INFO: [ app_begin ] --END-- [ RunTime:0.000986s ]
SQL: SHOW COLUMNS FROM `companyuser` [ RunTime:0.0038s ]
SQL: SHOW COLUMNS FROM `member` [ RunTime:0.0034s ]
SQL: SELECT COUNT(*) AS tp_count FROM `companyuser` LIMIT 1   [ RunTime:0.0002s ]
SQL: SELECT * FROM `companyuser` WHERE `mokuai_id` = '4' AND `company_id` = '5' ORDER BY add_date desc LIMIT 0,10   [ RunTime:0.0004s ]
SQL: SELECT * FROM `member` WHERE ( id=1 ) LIMIT 1   [ RunTime:0.0002s ]
SQL: SELECT * FROM `member` WHERE ( id=2 ) LIMIT 1   [ RunTime:0.0002s ]
SQL: SELECT * FROM `member` WHERE ( id=3 ) LIMIT 1   [ RunTime:0.0002s ]
SQL: SELECT * FROM `member` WHERE ( id=2 ) LIMIT 1   [ RunTime:0.0003s ]
INFO: [ view_parse ] --START--
INFO: [ template_filter ] --START--
INFO: Run Behavior\ContentReplaceBehavior [ RunTime:0.000174s ]
INFO: [ template_filter ] --END-- [ RunTime:0.000382s ]
INFO: Run Behavior\ParseTemplateBehavior [ RunTime:0.025029s ]
INFO: [ view_parse ] --END-- [ RunTime:0.025260s ]
INFO: [ view_filter ] --START--
INFO: Run Behavior\WriteHtmlCacheBehavior [ RunTime:0.000560s ]
INFO: [ view_filter ] --END-- [ RunTime:0.000745s ]
INFO: [ app_end ] --START--
INFO: Run Behavior\ShowPageTraceBehavior [ RunTime:0.000778s ]
INFO: [ app_end ] --END-- [ RunTime:0.000965s ]

[ 2015-10-21T14:50:25+08:00 ] 127.0.0.1 /appserver/index.php/Front/front/companyusercreate/mokuai_id/4.html
INFO: [ app_init ] --START--
INFO: Run Behavior\BuildLiteBehavior [ RunTime:0.000039s ]
INFO: [ app_init ] --END-- [ RunTime:0.000605s ]
INFO: [ app_begin ] --START--
INFO: Run Behavior\ReadHtmlCacheBehavior [ RunTime:0.000670s ]
INFO: [ app_begin ] --END-- [ RunTime:0.000868s ]
SQL: SHOW COLUMNS FROM `mokuai` [ RunTime:0.0036s ]
SQL: SELECT * FROM `mokuai` WHERE `company_id` = '5'  [ RunTime:0.0004s ]
INFO: [ view_parse ] --START--
INFO: [ template_filter ] --START--
INFO: Run Behavior\ContentReplaceBehavior [ RunTime:0.000242s ]
INFO: [ template_filter ] --END-- [ RunTime:0.000447s ]
NOTIC: [8] Undefined variable: page D:\wamp\www\appserver\Application\Runtime\Cache\Front\945be1b5d528bb9c39e176b0a9645526.php 第 269 行.
INFO: Run Behavior\ParseTemplateBehavior [ RunTime:0.016309s ]
INFO: [ view_parse ] --END-- [ RunTime:0.016521s ]
INFO: [ view_filter ] --START--
INFO: Run Behavior\WriteHtmlCacheBehavior [ RunTime:0.000347s ]
INFO: [ view_filter ] --END-- [ RunTime:0.000532s ]
INFO: [ app_end ] --START--
INFO: Run Behavior\ShowPageTraceBehavior [ RunTime:0.000626s ]
INFO: [ app_end ] --END-- [ RunTime:0.000813s ]

[ 2015-10-21T14:50:37+08:00 ] 127.0.0.1 /appserver/index.php/Front/Front/companyuseradd
INFO: [ app_init ] --START--
INFO: Run Behavior\BuildLiteBehavior [ RunTime:0.000043s ]
INFO: [ app_init ] --END-- [ RunTime:0.000681s ]
INFO: [ app_begin ] --START--
INFO: Run Behavior\ReadHtmlCacheBehavior [ RunTime:0.000744s ]
INFO: [ app_begin ] --END-- [ RunTime:0.000991s ]
SQL: SHOW COLUMNS FROM `companyuser` [ RunTime:0.0041s ]
SQL: SHOW COLUMNS FROM `member` [ RunTime:0.0030s ]
NOTIC: [8] Use of undefined constant company_id - assumed 'company_id' D:\wamp\www\appserver\Application\Front\Controller\FrontController.class.php 第 188 行.
SQL: SELECT * FROM `companyuser` WHERE `company_id` = '5' ORDER BY id desc LIMIT 1   [ RunTime:0.0005s ]
SQL: SELECT * FROM `member` WHERE `jifen` <= '213' AND `mokuai_id` = '6' ORDER BY jifen desc LIMIT 1   [ RunTime:0.0003s ]
SQL: INSERT INTO `companyuser` (`mokuai_id`,`username`,`password`,`name`,`phone`,`shengri`,`jifen`,`company_id`,`huiyuanbianhao`,`add_date`,`zongjifen`,`huiyuan_id`) VALUES ('6','123','123','123','123','123','213','5','5144541023716','2015-10-21','213',NULL) [ RunTime:0.0908s ]

[ 2015-10-21T14:50:37+08:00 ] 127.0.0.1 /appserver/index.php/Front/front/companyuserlist/mokuai_id/6.html
INFO: [ app_init ] --START--
INFO: Run Behavior\BuildLiteBehavior [ RunTime:0.000060s ]
INFO: [ app_init ] --END-- [ RunTime:0.000956s ]
INFO: [ app_begin ] --START--
INFO: Run Behavior\ReadHtmlCacheBehavior [ RunTime:0.001151s ]
INFO: [ app_begin ] --END-- [ RunTime:0.001497s ]
SQL: SHOW COLUMNS FROM `companyuser` [ RunTime:0.0038s ]
SQL: SHOW COLUMNS FROM `member` [ RunTime:0.0032s ]
SQL: SELECT COUNT(*) AS tp_count FROM `companyuser` LIMIT 1   [ RunTime:0.0003s ]
SQL: SELECT * FROM `companyuser` WHERE `mokuai_id` = '6' AND `company_id` = '5' ORDER BY add_date desc LIMIT 0,10   [ RunTime:0.0004s ]
ERR: SQLSTATE[42000]: Syntax error or access violation: 1064 You have an error in your SQL syntax; check the manual that corresponds to your MySQL server version for the right syntax to use near ') LIMIT 1' at line 1

[ 2015-10-21T14:51:45+08:00 ] 127.0.0.1 /appserver/?s=front/front/index
INFO: [ app_init ] --START--
INFO: Run Behavior\BuildLiteBehavior [ RunTime:0.000114s ]
INFO: [ app_init ] --END-- [ RunTime:0.001246s ]
INFO: [ app_begin ] --START--
INFO: Run Behavior\ReadHtmlCacheBehavior [ RunTime:0.001178s ]
INFO: [ app_begin ] --END-- [ RunTime:0.001772s ]
NOTIC: [8] Undefined index: xinxi D:\wamp\www\appserver\Application\Front\Controller\FrontController.class.php 第 15 行.
INFO: [ view_parse ] --START--
INFO: [ template_filter ] --START--
INFO: Run Behavior\ContentReplaceBehavior [ RunTime:0.000160s ]
INFO: [ template_filter ] --END-- [ RunTime:0.000502s ]
INFO: Run Behavior\ParseTemplateBehavior [ RunTime:0.009798s ]
INFO: [ view_parse ] --END-- [ RunTime:0.010142s ]
INFO: [ view_filter ] --START--
INFO: Run Behavior\WriteHtmlCacheBehavior [ RunTime:0.000407s ]
INFO: [ view_filter ] --END-- [ RunTime:0.000743s ]
INFO: [ app_end ] --START--
INFO: Run Behavior\ShowPageTraceBehavior [ RunTime:0.000700s ]
INFO: [ app_end ] --END-- [ RunTime:0.001030s ]

[ 2015-10-21T14:51:46+08:00 ] 127.0.0.1 /appserver/index.php/Front/Front/login
INFO: [ app_init ] --START--
INFO: Run Behavior\BuildLiteBehavior [ RunTime:0.000083s ]
INFO: [ app_init ] --END-- [ RunTime:0.000873s ]
INFO: [ app_begin ] --START--
INFO: Run Behavior\ReadHtmlCacheBehavior [ RunTime:0.000867s ]
INFO: [ app_begin ] --END-- [ RunTime:0.001211s ]
SQL: SHOW COLUMNS FROM `user` [ RunTime:0.0047s ]
SQL: SELECT * FROM `user` WHERE `username` = 'gengyongxin' AND `password` = 'gengyongxin' LIMIT 1   [ RunTime:0.0005s ]

[ 2015-10-21T14:51:46+08:00 ] 127.0.0.1 /appserver/index.php/Front/Front/mokuailist.html
INFO: [ app_init ] --START--
INFO: Run Behavior\BuildLiteBehavior [ RunTime:0.000086s ]
INFO: [ app_init ] --END-- [ RunTime:0.000873s ]
INFO: [ app_begin ] --START--
INFO: Run Behavior\ReadHtmlCacheBehavior [ RunTime:0.000757s ]
INFO: [ app_begin ] --END-- [ RunTime:0.001097s ]
SQL: SHOW COLUMNS FROM `mokuai` [ RunTime:0.0042s ]
SQL: SELECT COUNT(*) AS tp_count FROM `mokuai` LIMIT 1   [ RunTime:0.0006s ]
SQL: SELECT * FROM `mokuai` WHERE `begin_date` <= '2015-10-21' AND `over_date` >= '2015-10-21' AND `company_id` = '5' ORDER BY add_date desc LIMIT 0,10   [ RunTime:0.0011s ]
SQL: SHOW COLUMNS FROM `gongneng` [ RunTime:0.0042s ]
SQL: SELECT * FROM `gongneng` WHERE ( id = 2 ) LIMIT 1   [ RunTime:0.0004s ]
SQL: SELECT * FROM `gongneng` WHERE ( id = 2 ) LIMIT 1   [ RunTime:0.0003s ]
SQL: SELECT * FROM `gongneng` WHERE ( id = 2 ) LIMIT 1   [ RunTime:0.0005s ]
INFO: [ view_parse ] --START--
NOTIC: [2] file_get_contents(./Application/Front/View/./Login/loginside.html) [<a href='function.file-get-contents'>function.file-get-contents</a>]: failed to open stream: No such file or directory D:\wamp\www\appserver\ThinkPHP\Library\Think\Template.class.php 第 696 行.
INFO: [ template_filter ] --START--
INFO: Run Behavior\ContentReplaceBehavior [ RunTime:0.000231s ]
INFO: [ template_filter ] --END-- [ RunTime:0.000618s ]
NOTIC: [8] Undefined index: adddate D:\wamp\www\appserver\Application\Runtime\Cache\Front\88af68aff2b683629acaef4904a61a53.php 第 144 行.
NOTIC: [8] Undefined index: adddate D:\wamp\www\appserver\Application\Runtime\Cache\Front\88af68aff2b683629acaef4904a61a53.php 第 144 行.
NOTIC: [8] Undefined index: adddate D:\wamp\www\appserver\Application\Runtime\Cache\Front\88af68aff2b683629acaef4904a61a53.php 第 144 行.
INFO: Run Behavior\ParseTemplateBehavior [ RunTime:0.033992s ]
INFO: [ view_parse ] --END-- [ RunTime:0.034354s ]
INFO: [ view_filter ] --START--
INFO: Run Behavior\WriteHtmlCacheBehavior [ RunTime:0.000643s ]
INFO: [ view_filter ] --END-- [ RunTime:0.000977s ]
INFO: [ app_end ] --START--
INFO: Run Behavior\ShowPageTraceBehavior [ RunTime:0.000789s ]
INFO: [ app_end ] --END-- [ RunTime:0.001122s ]

[ 2015-10-21T14:51:48+08:00 ] 127.0.0.1 /appserver/index.php/Front/Front/companyuserlist/mokuai_id/4
INFO: [ app_init ] --START--
INFO: Run Behavior\BuildLiteBehavior [ RunTime:0.000078s ]
INFO: [ app_init ] --END-- [ RunTime:0.000805s ]
INFO: [ app_begin ] --START--
INFO: Run Behavior\ReadHtmlCacheBehavior [ RunTime:0.000686s ]
INFO: [ app_begin ] --END-- [ RunTime:0.001017s ]
SQL: SHOW COLUMNS FROM `companyuser` [ RunTime:0.0037s ]
SQL: SHOW COLUMNS FROM `member` [ RunTime:0.0031s ]
SQL: SELECT COUNT(*) AS tp_count FROM `companyuser` LIMIT 1   [ RunTime:0.0002s ]
SQL: SELECT * FROM `companyuser` WHERE `mokuai_id` = '4' AND `company_id` = '5' ORDER BY add_date desc LIMIT 0,10   [ RunTime:0.0004s ]
SQL: SELECT * FROM `member` WHERE ( id=1 ) LIMIT 1   [ RunTime:0.0005s ]
SQL: SELECT * FROM `member` WHERE ( id=2 ) LIMIT 1   [ RunTime:0.0003s ]
SQL: SELECT * FROM `member` WHERE ( id=3 ) LIMIT 1   [ RunTime:0.0003s ]
SQL: SELECT * FROM `member` WHERE ( id=2 ) LIMIT 1   [ RunTime:0.0002s ]
INFO: [ view_parse ] --START--
INFO: [ template_filter ] --START--
INFO: Run Behavior\ContentReplaceBehavior [ RunTime:0.000223s ]
INFO: [ template_filter ] --END-- [ RunTime:0.000611s ]
INFO: Run Behavior\ParseTemplateBehavior [ RunTime:0.052445s ]
INFO: [ view_parse ] --END-- [ RunTime:0.052839s ]
INFO: [ view_filter ] --START--
INFO: Run Behavior\WriteHtmlCacheBehavior [ RunTime:0.000574s ]
INFO: [ view_filter ] --END-- [ RunTime:0.000917s ]
INFO: [ app_end ] --START--
INFO: Run Behavior\ShowPageTraceBehavior [ RunTime:0.000872s ]
INFO: [ app_end ] --END-- [ RunTime:0.001244s ]

[ 2015-10-21T14:51:51+08:00 ] 127.0.0.1 /appserver/index.php/Front/front/companyusercreate/mokuai_id/4.html
INFO: [ app_init ] --START--
INFO: Run Behavior\BuildLiteBehavior [ RunTime:0.000081s ]
INFO: [ app_init ] --END-- [ RunTime:0.000814s ]
INFO: [ app_begin ] --START--
INFO: Run Behavior\ReadHtmlCacheBehavior [ RunTime:0.000758s ]
INFO: [ app_begin ] --END-- [ RunTime:0.001112s ]
SQL: SHOW COLUMNS FROM `mokuai` [ RunTime:0.0035s ]
SQL: SELECT * FROM `mokuai` WHERE `company_id` = '5'  [ RunTime:0.0004s ]
INFO: [ view_parse ] --START--
INFO: [ template_filter ] --START--
INFO: Run Behavior\ContentReplaceBehavior [ RunTime:0.000237s ]
INFO: [ template_filter ] --END-- [ RunTime:0.000654s ]
NOTIC: [8] Undefined variable: page D:\wamp\www\appserver\Application\Runtime\Cache\Front\945be1b5d528bb9c39e176b0a9645526.php 第 269 行.
INFO: Run Behavior\ParseTemplateBehavior [ RunTime:0.019480s ]
INFO: [ view_parse ] --END-- [ RunTime:0.019837s ]
INFO: [ view_filter ] --START--
INFO: Run Behavior\WriteHtmlCacheBehavior [ RunTime:0.000422s ]
INFO: [ view_filter ] --END-- [ RunTime:0.000756s ]
INFO: [ app_end ] --START--
INFO: Run Behavior\ShowPageTraceBehavior [ RunTime:0.000694s ]
INFO: [ app_end ] --END-- [ RunTime:0.001044s ]

[ 2015-10-21T14:52:24+08:00 ] 127.0.0.1 /appserver/index.php/Front/Front/companyuseradd
INFO: [ app_init ] --START--
INFO: Run Behavior\BuildLiteBehavior [ RunTime:0.000101s ]
INFO: [ app_init ] --END-- [ RunTime:0.000806s ]
INFO: [ app_begin ] --START--
INFO: Run Behavior\ReadHtmlCacheBehavior [ RunTime:0.000700s ]
INFO: [ app_begin ] --END-- [ RunTime:0.001037s ]
SQL: SHOW COLUMNS FROM `companyuser` [ RunTime:0.0048s ]
SQL: SHOW COLUMNS FROM `member` [ RunTime:0.0060s ]
NOTIC: [8] Use of undefined constant company_id - assumed 'company_id' D:\wamp\www\appserver\Application\Front\Controller\FrontController.class.php 第 188 行.
SQL: SELECT * FROM `companyuser` WHERE `company_id` = '5' ORDER BY id desc LIMIT 1   [ RunTime:0.0008s ]
SQL: SELECT * FROM `member` WHERE `jifen` <= '123' AND `mokuai_id` = '4' ORDER BY jifen desc LIMIT 1   [ RunTime:0.0009s ]
SQL: INSERT INTO `companyuser` (`mokuai_id`,`username`,`password`,`name`,`phone`,`shengri`,`jifen`,`company_id`,`huiyuanbianhao`,`add_date`,`zongjifen`,`huiyuan_id`) VALUES ('4','123','123456','123','12345678901','123','123','5','5144541034217','2015-10-21','123','1') [ RunTime:0.2502s ]

[ 2015-10-21T14:52:24+08:00 ] 127.0.0.1 /appserver/index.php/Front/front/companyuserlist/mokuai_id/4.html
INFO: [ app_init ] --START--
INFO: Run Behavior\BuildLiteBehavior [ RunTime:0.000076s ]
INFO: [ app_init ] --END-- [ RunTime:0.000783s ]
INFO: [ app_begin ] --START--
INFO: Run Behavior\ReadHtmlCacheBehavior [ RunTime:0.000693s ]
INFO: [ app_begin ] --END-- [ RunTime:0.001025s ]
SQL: SHOW COLUMNS FROM `companyuser` [ RunTime:0.0037s ]
SQL: SHOW COLUMNS FROM `member` [ RunTime:0.0032s ]
SQL: SELECT COUNT(*) AS tp_count FROM `companyuser` LIMIT 1   [ RunTime:0.0003s ]
SQL: SELECT * FROM `companyuser` WHERE `mokuai_id` = '4' AND `company_id` = '5' ORDER BY add_date desc LIMIT 0,10   [ RunTime:0.0004s ]
SQL: SELECT * FROM `member` WHERE ( id=1 ) LIMIT 1   [ RunTime:0.0002s ]
SQL: SELECT * FROM `member` WHERE ( id=1 ) LIMIT 1   [ RunTime:0.0002s ]
SQL: SELECT * FROM `member` WHERE ( id=2 ) LIMIT 1   [ RunTime:0.0002s ]
SQL: SELECT * FROM `member` WHERE ( id=3 ) LIMIT 1   [ RunTime:0.0002s ]
SQL: SELECT * FROM `member` WHERE ( id=2 ) LIMIT 1   [ RunTime:0.0003s ]
INFO: [ view_parse ] --START--
INFO: [ template_filter ] --START--
INFO: Run Behavior\ContentReplaceBehavior [ RunTime:0.000223s ]
INFO: [ template_filter ] --END-- [ RunTime:0.000605s ]
INFO: Run Behavior\ParseTemplateBehavior [ RunTime:0.038835s ]
INFO: [ view_parse ] --END-- [ RunTime:0.039215s ]
INFO: [ view_filter ] --START--
INFO: Run Behavior\WriteHtmlCacheBehavior [ RunTime:0.000573s ]
INFO: [ view_filter ] --END-- [ RunTime:0.000937s ]
INFO: [ app_end ] --START--
INFO: Run Behavior\ShowPageTraceBehavior [ RunTime:0.003159s ]
INFO: [ app_end ] --END-- [ RunTime:0.003512s ]

[ 2015-10-21T14:52:50+08:00 ] 127.0.0.1 /appserver/index.php/Front/front/companyusercreate/mokuai_id/4.html
INFO: [ app_init ] --START--
INFO: Run Behavior\BuildLiteBehavior [ RunTime:0.000076s ]
INFO: [ app_init ] --END-- [ RunTime:0.000864s ]
INFO: [ app_begin ] --START--
INFO: Run Behavior\ReadHtmlCacheBehavior [ RunTime:0.000760s ]
INFO: [ app_begin ] --END-- [ RunTime:0.001098s ]
SQL: SHOW COLUMNS FROM `mokuai` [ RunTime:0.0036s ]
SQL: SELECT * FROM `mokuai` WHERE `company_id` = '5'  [ RunTime:0.0004s ]
INFO: [ view_parse ] --START--
INFO: [ template_filter ] --START--
INFO: Run Behavior\ContentReplaceBehavior [ RunTime:0.000231s ]
INFO: [ template_filter ] --END-- [ RunTime:0.000589s ]
NOTIC: [8] Undefined variable: page D:\wamp\www\appserver\Application\Runtime\Cache\Front\945be1b5d528bb9c39e176b0a9645526.php 第 269 行.
INFO: Run Behavior\ParseTemplateBehavior [ RunTime:0.019352s ]
INFO: [ view_parse ] --END-- [ RunTime:0.019710s ]
INFO: [ view_filter ] --START--
INFO: Run Behavior\WriteHtmlCacheBehavior [ RunTime:0.000414s ]
INFO: [ view_filter ] --END-- [ RunTime:0.000749s ]
INFO: [ app_end ] --START--
INFO: Run Behavior\ShowPageTraceBehavior [ RunTime:0.000682s ]
INFO: [ app_end ] --END-- [ RunTime:0.001008s ]

[ 2015-10-21T14:53:19+08:00 ] 127.0.0.1 /appserver/index.php/Front/Front/companyuseradd
INFO: [ app_init ] --START--
INFO: Run Behavior\BuildLiteBehavior [ RunTime:0.000083s ]
INFO: [ app_init ] --END-- [ RunTime:0.000826s ]
INFO: [ app_begin ] --START--
INFO: Run Behavior\ReadHtmlCacheBehavior [ RunTime:0.000681s ]
INFO: [ app_begin ] --END-- [ RunTime:0.001017s ]
SQL: SHOW COLUMNS FROM `companyuser` [ RunTime:0.0057s ]
SQL: SHOW COLUMNS FROM `member` [ RunTime:0.0091s ]
NOTIC: [8] Use of undefined constant company_id - assumed 'company_id' D:\wamp\www\appserver\Application\Front\Controller\FrontController.class.php 第 188 行.
SQL: SELECT * FROM `companyuser` WHERE `company_id` = '5' ORDER BY id desc LIMIT 1   [ RunTime:0.0008s ]
SQL: SELECT * FROM `member` WHERE `jifen` <= '2345' AND `mokuai_id` = '6' ORDER BY jifen desc LIMIT 1   [ RunTime:0.0008s ]
SQL: INSERT INTO `companyuser` (`mokuai_id`,`username`,`password`,`name`,`phone`,`shengri`,`jifen`,`company_id`,`huiyuanbianhao`,`add_date`,`zongjifen`,`huiyuan_id`) VALUES ('6','123456','23456','32365','2345','2345','2345','5','5144541039718','2015-10-21','2345','4') [ RunTime:0.0720s ]

[ 2015-10-21T14:53:19+08:00 ] 127.0.0.1 /appserver/index.php/Front/front/companyuserlist/mokuai_id/6.html
INFO: [ app_init ] --START--
INFO: Run Behavior\BuildLiteBehavior [ RunTime:0.000074s ]
INFO: [ app_init ] --END-- [ RunTime:0.000779s ]
INFO: [ app_begin ] --START--
INFO: Run Behavior\ReadHtmlCacheBehavior [ RunTime:0.000689s ]
INFO: [ app_begin ] --END-- [ RunTime:0.001019s ]
SQL: SHOW COLUMNS FROM `companyuser` [ RunTime:0.0037s ]
SQL: SHOW COLUMNS FROM `member` [ RunTime:0.0031s ]
SQL: SELECT COUNT(*) AS tp_count FROM `companyuser` LIMIT 1   [ RunTime:0.0003s ]
SQL: SELECT * FROM `companyuser` WHERE `mokuai_id` = '6' AND `company_id` = '5' ORDER BY add_date desc LIMIT 0,10   [ RunTime:0.0005s ]
ERR: SQLSTATE[42000]: Syntax error or access violation: 1064 You have an error in your SQL syntax; check the manual that corresponds to your MySQL server version for the right syntax to use near ') LIMIT 1' at line 1

[ 2015-10-21T14:53:54+08:00 ] 127.0.0.1 /appserver/index.php/Front/Front/companyuseredit/id/12/mokuai_id/4.html
INFO: [ app_init ] --START--
INFO: Run Behavior\BuildLiteBehavior [ RunTime:0.000077s ]
INFO: [ app_init ] --END-- [ RunTime:0.000828s ]
INFO: [ app_begin ] --START--
INFO: Run Behavior\ReadHtmlCacheBehavior [ RunTime:0.000822s ]
INFO: [ app_begin ] --END-- [ RunTime:0.001156s ]
SQL: SHOW COLUMNS FROM `companyuser` [ RunTime:0.0038s ]
SQL: SHOW COLUMNS FROM `mokuai` [ RunTime:0.0031s ]
SQL: SELECT * FROM `mokuai` WHERE `company_id` = '5'  [ RunTime:0.0004s ]
SQL: SELECT * FROM `companyuser` WHERE `id` = 12 AND `mokuai_id` = '4' LIMIT 1   [ RunTime:0.0003s ]
INFO: [ view_parse ] --START--
INFO: [ template_filter ] --START--
INFO: Run Behavior\ContentReplaceBehavior [ RunTime:0.000265s ]
INFO: [ template_filter ] --END-- [ RunTime:0.000630s ]
NOTIC: [8] Undefined variable: page D:\wamp\www\appserver\Application\Runtime\Cache\Front\685e34c33af5b2504f2ec54fdd0454cc.php 第 270 行.
INFO: Run Behavior\ParseTemplateBehavior [ RunTime:0.021810s ]
INFO: [ view_parse ] --END-- [ RunTime:0.022159s ]
INFO: [ view_filter ] --START--
INFO: Run Behavior\WriteHtmlCacheBehavior [ RunTime:0.000523s ]
INFO: [ view_filter ] --END-- [ RunTime:0.000851s ]
INFO: [ app_end ] --START--
INFO: Run Behavior\ShowPageTraceBehavior [ RunTime:0.000810s ]
INFO: [ app_end ] --END-- [ RunTime:0.001140s ]

[ 2015-10-21T14:55:22+08:00 ] 127.0.0.1 /appserver/index.php/Front/front/companyusercreate/mokuai_id/4.html
INFO: [ app_init ] --START--
INFO: Run Behavior\BuildLiteBehavior [ RunTime:0.000079s ]
INFO: [ app_init ] --END-- [ RunTime:0.000893s ]
INFO: [ app_begin ] --START--
INFO: Run Behavior\ReadHtmlCacheBehavior [ RunTime:0.000881s ]
INFO: [ app_begin ] --END-- [ RunTime:0.001224s ]
SQL: SHOW COLUMNS FROM `mokuai` [ RunTime:0.0035s ]
SQL: SELECT * FROM `mokuai` WHERE `company_id` = '5'  [ RunTime:0.0005s ]
INFO: [ view_parse ] --START--
INFO: [ template_filter ] --START--
INFO: Run Behavior\ContentReplaceBehavior [ RunTime:0.000237s ]
INFO: [ template_filter ] --END-- [ RunTime:0.000597s ]
NOTIC: [8] Undefined variable: page D:\wamp\www\appserver\Application\Runtime\Cache\Front\945be1b5d528bb9c39e176b0a9645526.php 第 271 行.
INFO: Run Behavior\ParseTemplateBehavior [ RunTime:0.021534s ]
INFO: [ view_parse ] --END-- [ RunTime:0.021899s ]
INFO: [ view_filter ] --START--
INFO: Run Behavior\WriteHtmlCacheBehavior [ RunTime:0.000782s ]
INFO: [ view_filter ] --END-- [ RunTime:0.001121s ]
INFO: [ app_end ] --START--
INFO: Run Behavior\ShowPageTraceBehavior [ RunTime:0.000925s ]
INFO: [ app_end ] --END-- [ RunTime:0.001260s ]

[ 2015-10-21T14:55:41+08:00 ] 127.0.0.1 /appserver/index.php/Front/Front/companyuseradd
INFO: [ app_init ] --START--
INFO: Run Behavior\BuildLiteBehavior [ RunTime:0.000113s ]
INFO: [ app_init ] --END-- [ RunTime:0.001369s ]
INFO: [ app_begin ] --START--
INFO: Run Behavior\ReadHtmlCacheBehavior [ RunTime:0.000865s ]
INFO: [ app_begin ] --END-- [ RunTime:0.001275s ]
SQL: SHOW COLUMNS FROM `companyuser` [ RunTime:0.0059s ]
SQL: SHOW COLUMNS FROM `member` [ RunTime:0.0060s ]
NOTIC: [8] Use of undefined constant company_id - assumed 'company_id' D:\wamp\www\appserver\Application\Front\Controller\FrontController.class.php 第 188 行.
SQL: SELECT * FROM `companyuser` WHERE `company_id` = '5' ORDER BY id desc LIMIT 1   [ RunTime:0.0007s ]
SQL: SELECT * FROM `member` WHERE `jifen` <= '123' AND `mokuai_id` = '4' ORDER BY jifen desc LIMIT 1   [ RunTime:0.0004s ]
SQL: INSERT INTO `companyuser` (`mokuai_id`,`username`,`password`,`name`,`phone`,`shengri`,`jifen`,`company_id`,`huiyuanbianhao`,`add_date`,`zongjifen`,`huiyuan_id`) VALUES ('4','123','123','123','123','123','123','5','5144541053619','2015-10-21','123','1') [ RunTime:0.0714s ]

[ 2015-10-21T14:55:41+08:00 ] 127.0.0.1 /appserver/index.php/Front/front/companyuserlist/mokuai_id/4.html
INFO: [ app_init ] --START--
INFO: Run Behavior\BuildLiteBehavior [ RunTime:0.000116s ]
INFO: [ app_init ] --END-- [ RunTime:0.002585s ]
INFO: [ app_begin ] --START--
INFO: Run Behavior\ReadHtmlCacheBehavior [ RunTime:0.001244s ]
INFO: [ app_begin ] --END-- [ RunTime:0.001783s ]
SQL: SHOW COLUMNS FROM `companyuser` [ RunTime:0.0036s ]
SQL: SHOW COLUMNS FROM `member` [ RunTime:0.0032s ]
SQL: SELECT COUNT(*) AS tp_count FROM `companyuser` LIMIT 1   [ RunTime:0.0003s ]
SQL: SELECT * FROM `companyuser` WHERE `mokuai_id` = '4' AND `company_id` = '5' ORDER BY add_date desc LIMIT 0,10   [ RunTime:0.0004s ]
SQL: SELECT * FROM `member` WHERE ( id=1 ) LIMIT 1   [ RunTime:0.0003s ]
SQL: SELECT * FROM `member` WHERE ( id=1 ) LIMIT 1   [ RunTime:0.0004s ]
SQL: SELECT * FROM `member` WHERE ( id=1 ) LIMIT 1   [ RunTime:0.0003s ]
SQL: SELECT * FROM `member` WHERE ( id=2 ) LIMIT 1   [ RunTime:0.0003s ]
SQL: SELECT * FROM `member` WHERE ( id=3 ) LIMIT 1   [ RunTime:0.0002s ]
SQL: SELECT * FROM `member` WHERE ( id=2 ) LIMIT 1   [ RunTime:0.0002s ]
INFO: [ view_parse ] --START--
INFO: [ template_filter ] --START--
INFO: Run Behavior\ContentReplaceBehavior [ RunTime:0.000262s ]
INFO: [ template_filter ] --END-- [ RunTime:0.000622s ]
INFO: Run Behavior\ParseTemplateBehavior [ RunTime:0.038284s ]
INFO: [ view_parse ] --END-- [ RunTime:0.038665s ]
INFO: [ view_filter ] --START--
INFO: Run Behavior\WriteHtmlCacheBehavior [ RunTime:0.000566s ]
INFO: [ view_filter ] --END-- [ RunTime:0.000897s ]
INFO: [ app_end ] --START--
INFO: Run Behavior\ShowPageTraceBehavior [ RunTime:0.000737s ]
INFO: [ app_end ] --END-- [ RunTime:0.001068s ]

[ 2015-10-21T14:55:58+08:00 ] 127.0.0.1 /appserver/index.php/Front/Front/companyuserdelete/id/19/mokuai_id/4.html
INFO: [ app_init ] --START--
INFO: Run Behavior\BuildLiteBehavior [ RunTime:0.000080s ]
INFO: [ app_init ] --END-- [ RunTime:0.000912s ]
INFO: [ app_begin ] --START--
INFO: Run Behavior\ReadHtmlCacheBehavior [ RunTime:0.000856s ]
INFO: [ app_begin ] --END-- [ RunTime:0.001220s ]
SQL: SHOW COLUMNS FROM `companyuser` [ RunTime:0.0038s ]
SQL: DELETE FROM `companyuser` WHERE ( id=19 ) [ RunTime:0.0728s ]

[ 2015-10-21T14:55:58+08:00 ] 127.0.0.1 /appserver/index.php/Front/Front/companyuserlist/mokuai_id/4.html
INFO: [ app_init ] --START--
INFO: Run Behavior\BuildLiteBehavior [ RunTime:0.000090s ]
INFO: [ app_init ] --END-- [ RunTime:0.000891s ]
INFO: [ app_begin ] --START--
INFO: Run Behavior\ReadHtmlCacheBehavior [ RunTime:0.000803s ]
INFO: [ app_begin ] --END-- [ RunTime:0.001167s ]
SQL: SHOW COLUMNS FROM `companyuser` [ RunTime:0.0039s ]
SQL: SHOW COLUMNS FROM `member` [ RunTime:0.0034s ]
SQL: SELECT COUNT(*) AS tp_count FROM `companyuser` LIMIT 1   [ RunTime:0.0003s ]
SQL: SELECT * FROM `companyuser` WHERE `mokuai_id` = '4' AND `company_id` = '5' ORDER BY add_date desc LIMIT 0,10   [ RunTime:0.0004s ]
SQL: SELECT * FROM `member` WHERE ( id=1 ) LIMIT 1   [ RunTime:0.0003s ]
SQL: SELECT * FROM `member` WHERE ( id=1 ) LIMIT 1   [ RunTime:0.0003s ]
SQL: SELECT * FROM `member` WHERE ( id=2 ) LIMIT 1   [ RunTime:0.0002s ]
SQL: SELECT * FROM `member` WHERE ( id=3 ) LIMIT 1   [ RunTime:0.0002s ]
SQL: SELECT * FROM `member` WHERE ( id=2 ) LIMIT 1   [ RunTime:0.0002s ]
INFO: [ view_parse ] --START--
INFO: [ template_filter ] --START--
INFO: Run Behavior\ContentReplaceBehavior [ RunTime:0.000222s ]
INFO: [ template_filter ] --END-- [ RunTime:0.000599s ]
INFO: Run Behavior\ParseTemplateBehavior [ RunTime:0.034729s ]
INFO: [ view_parse ] --END-- [ RunTime:0.035099s ]
INFO: [ view_filter ] --START--
INFO: Run Behavior\WriteHtmlCacheBehavior [ RunTime:0.000454s ]
INFO: [ view_filter ] --END-- [ RunTime:0.000781s ]
INFO: [ app_end ] --START--
INFO: Run Behavior\ShowPageTraceBehavior [ RunTime:0.000698s ]
INFO: [ app_end ] --END-- [ RunTime:0.001028s ]

[ 2015-10-21T14:56:01+08:00 ] 127.0.0.1 /appserver/index.php/Front/Front/companyuserdelete/id/17/mokuai_id/4.html
INFO: [ app_init ] --START--
INFO: Run Behavior\BuildLiteBehavior [ RunTime:0.000091s ]
INFO: [ app_init ] --END-- [ RunTime:0.000862s ]
INFO: [ app_begin ] --START--
INFO: Run Behavior\ReadHtmlCacheBehavior [ RunTime:0.000860s ]
INFO: [ app_begin ] --END-- [ RunTime:0.001197s ]
SQL: SHOW COLUMNS FROM `companyuser` [ RunTime:0.0037s ]
SQL: DELETE FROM `companyuser` WHERE ( id=17 ) [ RunTime:0.0751s ]

[ 2015-10-21T14:56:01+08:00 ] 127.0.0.1 /appserver/index.php/Front/Front/companyuserlist/mokuai_id/4.html
INFO: [ app_init ] --START--
INFO: Run Behavior\BuildLiteBehavior [ RunTime:0.000112s ]
INFO: [ app_init ] --END-- [ RunTime:0.001233s ]
INFO: [ app_begin ] --START--
INFO: Run Behavior\ReadHtmlCacheBehavior [ RunTime:0.001214s ]
INFO: [ app_begin ] --END-- [ RunTime:0.001755s ]
SQL: SHOW COLUMNS FROM `companyuser` [ RunTime:0.0041s ]
SQL: SHOW COLUMNS FROM `member` [ RunTime:0.0033s ]
SQL: SELECT COUNT(*) AS tp_count FROM `companyuser` LIMIT 1   [ RunTime:0.0003s ]
SQL: SELECT * FROM `companyuser` WHERE `mokuai_id` = '4' AND `company_id` = '5' ORDER BY add_date desc LIMIT 0,10   [ RunTime:0.0004s ]
SQL: SELECT * FROM `member` WHERE ( id=1 ) LIMIT 1   [ RunTime:0.0003s ]
SQL: SELECT * FROM `member` WHERE ( id=2 ) LIMIT 1   [ RunTime:0.0002s ]
SQL: SELECT * FROM `member` WHERE ( id=3 ) LIMIT 1   [ RunTime:0.0002s ]
SQL: SELECT * FROM `member` WHERE ( id=2 ) LIMIT 1   [ RunTime:0.0003s ]
INFO: [ view_parse ] --START--
INFO: [ template_filter ] --START--
INFO: Run Behavior\ContentReplaceBehavior [ RunTime:0.000232s ]
INFO: [ template_filter ] --END-- [ RunTime:0.000599s ]
INFO: Run Behavior\ParseTemplateBehavior [ RunTime:0.032908s ]
INFO: [ view_parse ] --END-- [ RunTime:0.033288s ]
INFO: [ view_filter ] --START--
INFO: Run Behavior\WriteHtmlCacheBehavior [ RunTime:0.000586s ]
INFO: [ view_filter ] --END-- [ RunTime:0.000915s ]
INFO: [ app_end ] --START--
INFO: Run Behavior\ShowPageTraceBehavior [ RunTime:0.000717s ]
INFO: [ app_end ] --END-- [ RunTime:0.001108s ]

