[ 2015-10-12T09:24:41+08:00 ] 127.0.0.1 /appserver1/?s=front/front/index
INFO: [ app_init ] --START--
INFO: Run Behavior\BuildLiteBehavior [ RunTime:0.000071s ]
INFO: [ app_init ] --END-- [ RunTime:0.000785s ]
INFO: [ app_begin ] --START--
INFO: Run Behavior\ReadHtmlCacheBehavior [ RunTime:0.000684s ]
INFO: [ app_begin ] --END-- [ RunTime:0.001020s ]
NOTIC: [8] Undefined index: xinxi D:\wamp\www\appserver1\Application\Front\Controller\FrontController.class.php 第 15 行.
INFO: [ view_parse ] --START--
INFO: [ template_filter ] --START--
INFO: Run Behavior\ContentReplaceBehavior [ RunTime:0.000258s ]
INFO: [ template_filter ] --END-- [ RunTime:0.000900s ]
INFO: Run Behavior\ParseTemplateBehavior [ RunTime:0.042056s ]
INFO: [ view_parse ] --END-- [ RunTime:0.042514s ]
INFO: [ view_filter ] --START--
INFO: Run Behavior\WriteHtmlCacheBehavior [ RunTime:0.000834s ]
INFO: [ view_filter ] --END-- [ RunTime:0.001361s ]
INFO: [ app_end ] --START--
INFO: Run Behavior\ShowPageTraceBehavior [ RunTime:0.001178s ]
INFO: [ app_end ] --END-- [ RunTime:0.001706s ]

[ 2015-10-12T09:24:44+08:00 ] 127.0.0.1 /appserver1/index.php/Front/Front/login
INFO: [ app_init ] --START--
INFO: Run Behavior\BuildLiteBehavior [ RunTime:0.000079s ]
INFO: [ app_init ] --END-- [ RunTime:0.000997s ]
INFO: [ app_begin ] --START--
INFO: Run Behavior\ReadHtmlCacheBehavior [ RunTime:0.000894s ]
INFO: [ app_begin ] --END-- [ RunTime:0.001243s ]
SQL: SHOW COLUMNS FROM `user` [ RunTime:0.0510s ]
SQL: SELECT * FROM `user` WHERE `username` = 'gengyongxin' AND `password` = 'gengyongxin' LIMIT 1   [ RunTime:0.0006s ]

[ 2015-10-12T09:24:44+08:00 ] 127.0.0.1 /appserver1/index.php/Front/Front/mokuailist.html
INFO: [ app_init ] --START--
INFO: Run Behavior\BuildLiteBehavior [ RunTime:0.000073s ]
INFO: [ app_init ] --END-- [ RunTime:0.000795s ]
INFO: [ app_begin ] --START--
INFO: Run Behavior\ReadHtmlCacheBehavior [ RunTime:0.000820s ]
INFO: [ app_begin ] --END-- [ RunTime:0.001201s ]
SQL: SHOW COLUMNS FROM `mokuai` [ RunTime:0.0214s ]
SQL: SELECT COUNT(*) AS tp_count FROM `mokuai` LIMIT 1   [ RunTime:0.0005s ]
SQL: SELECT * FROM `mokuai` WHERE `begin_date` <= '2015-10-12' AND `over_date` >= '2015-10-12' AND `company_id` = '5' ORDER BY add_date desc LIMIT 0,10   [ RunTime:0.0007s ]
SQL: SHOW COLUMNS FROM `gongneng` [ RunTime:0.0294s ]
SQL: SELECT * FROM `gongneng` WHERE ( id = 2 ) LIMIT 1   [ RunTime:0.0004s ]
SQL: SELECT * FROM `gongneng` WHERE ( id = 2 ) LIMIT 1   [ RunTime:0.0002s ]
SQL: SELECT * FROM `gongneng` WHERE ( id = 2 ) LIMIT 1   [ RunTime:0.0002s ]
INFO: [ view_parse ] --START--
NOTIC: [2] file_get_contents(./Application/Front/View/./Login/loginside.html) [<a href='function.file-get-contents'>function.file-get-contents</a>]: failed to open stream: No such file or directory D:\wamp\www\appserver1\ThinkPHP\Library\Think\Template.class.php 第 696 行.
INFO: [ template_filter ] --START--
INFO: Run Behavior\ContentReplaceBehavior [ RunTime:0.000212s ]
INFO: [ template_filter ] --END-- [ RunTime:0.000568s ]
NOTIC: [8] Undefined index: adddate D:\wamp\www\appserver1\Application\Runtime\Cache\Front\88af68aff2b683629acaef4904a61a53.php 第 144 行.
NOTIC: [8] Undefined index: adddate D:\wamp\www\appserver1\Application\Runtime\Cache\Front\88af68aff2b683629acaef4904a61a53.php 第 144 行.
NOTIC: [8] Undefined index: adddate D:\wamp\www\appserver1\Application\Runtime\Cache\Front\88af68aff2b683629acaef4904a61a53.php 第 144 行.
INFO: Run Behavior\ParseTemplateBehavior [ RunTime:0.044140s ]
INFO: [ view_parse ] --END-- [ RunTime:0.044488s ]
INFO: [ view_filter ] --START--
INFO: Run Behavior\WriteHtmlCacheBehavior [ RunTime:0.000558s ]
INFO: [ view_filter ] --END-- [ RunTime:0.000928s ]
INFO: [ app_end ] --START--
INFO: Run Behavior\ShowPageTraceBehavior [ RunTime:0.000803s ]
INFO: [ app_end ] --END-- [ RunTime:0.001134s ]

[ 2015-10-12T09:24:47+08:00 ] 127.0.0.1 /appserver1/index.php/Front/Front/companyuserlist/mokuai_id/4
INFO: [ app_init ] --START--
INFO: Run Behavior\BuildLiteBehavior [ RunTime:0.000088s ]
INFO: [ app_init ] --END-- [ RunTime:0.001188s ]
INFO: [ app_begin ] --START--
INFO: Run Behavior\ReadHtmlCacheBehavior [ RunTime:0.000814s ]
INFO: [ app_begin ] --END-- [ RunTime:0.001182s ]
SQL: SHOW COLUMNS FROM `companyuser` [ RunTime:0.0387s ]
SQL: SHOW COLUMNS FROM `member` [ RunTime:0.0397s ]
SQL: SELECT COUNT(*) AS tp_count FROM `companyuser` LIMIT 1   [ RunTime:0.0003s ]
SQL: SELECT * FROM `companyuser` WHERE `mokuai_id` = '4' AND `company_id` = '5' ORDER BY add_date desc LIMIT 0,10   [ RunTime:0.0009s ]
SQL: SELECT * FROM `member` WHERE ( id=2 ) LIMIT 1   [ RunTime:0.0003s ]
SQL: SELECT * FROM `member` WHERE ( id=2 ) LIMIT 1   [ RunTime:0.0002s ]
SQL: SELECT * FROM `member` WHERE ( id=2 ) LIMIT 1   [ RunTime:0.0002s ]
INFO: [ view_parse ] --START--
INFO: [ template_filter ] --START--
INFO: Run Behavior\ContentReplaceBehavior [ RunTime:0.000217s ]
INFO: [ template_filter ] --END-- [ RunTime:0.000559s ]
INFO: Run Behavior\ParseTemplateBehavior [ RunTime:0.030416s ]
INFO: [ view_parse ] --END-- [ RunTime:0.030770s ]
INFO: [ view_filter ] --START--
INFO: Run Behavior\WriteHtmlCacheBehavior [ RunTime:0.000501s ]
INFO: [ view_filter ] --END-- [ RunTime:0.000844s ]
INFO: [ app_end ] --START--
INFO: Run Behavior\ShowPageTraceBehavior [ RunTime:0.000724s ]
INFO: [ app_end ] --END-- [ RunTime:0.001057s ]

[ 2015-10-12T09:25:19+08:00 ] 127.0.0.1 /appserver1/index.php/Front/Front/companyuserlist/mokuai_id/4
INFO: [ app_init ] --START--
INFO: Run Behavior\BuildLiteBehavior [ RunTime:0.000114s ]
INFO: [ app_init ] --END-- [ RunTime:0.001314s ]
INFO: [ app_begin ] --START--
INFO: Run Behavior\ReadHtmlCacheBehavior [ RunTime:0.000692s ]
INFO: [ app_begin ] --END-- [ RunTime:0.001025s ]
SQL: SHOW COLUMNS FROM `companyuser` [ RunTime:0.0041s ]
SQL: SHOW COLUMNS FROM `member` [ RunTime:0.0038s ]
SQL: SELECT COUNT(*) AS tp_count FROM `companyuser` LIMIT 1   [ RunTime:0.0003s ]
SQL: SELECT * FROM `companyuser` WHERE `mokuai_id` = '4' AND `company_id` = '5' ORDER BY add_date desc LIMIT 0,10   [ RunTime:0.0005s ]
SQL: SELECT * FROM `member` WHERE ( id=2 ) LIMIT 1   [ RunTime:0.0002s ]
SQL: SELECT * FROM `member` WHERE ( id=2 ) LIMIT 1   [ RunTime:0.0002s ]
SQL: SELECT * FROM `member` WHERE ( id=2 ) LIMIT 1   [ RunTime:0.0002s ]
INFO: [ view_parse ] --START--
INFO: [ template_filter ] --START--
INFO: Run Behavior\ContentReplaceBehavior [ RunTime:0.000219s ]
INFO: [ template_filter ] --END-- [ RunTime:0.000589s ]
INFO: Run Behavior\ParseTemplateBehavior [ RunTime:0.030218s ]
INFO: [ view_parse ] --END-- [ RunTime:0.030571s ]
INFO: [ view_filter ] --START--
INFO: Run Behavior\WriteHtmlCacheBehavior [ RunTime:0.000473s ]
INFO: [ view_filter ] --END-- [ RunTime:0.000804s ]
INFO: [ app_end ] --START--
INFO: Run Behavior\ShowPageTraceBehavior [ RunTime:0.000782s ]
INFO: [ app_end ] --END-- [ RunTime:0.001119s ]

[ 2015-10-12T09:25:26+08:00 ] 127.0.0.1 /appserver1/index.php/Front/front/companyuserdelete/id/9.html
INFO: [ app_init ] --START--
INFO: Run Behavior\BuildLiteBehavior [ RunTime:0.000072s ]
INFO: [ app_init ] --END-- [ RunTime:0.000832s ]
INFO: [ app_begin ] --START--
INFO: Run Behavior\ReadHtmlCacheBehavior [ RunTime:0.000837s ]
INFO: [ app_begin ] --END-- [ RunTime:0.001176s ]
SQL: SHOW COLUMNS FROM `companyuser` [ RunTime:0.0042s ]
SQL: DELETE FROM `companyuser` WHERE ( id=9 ) [ RunTime:0.0768s ]

[ 2015-10-12T09:25:27+08:00 ] 127.0.0.1 /appserver1/index.php/Front/Front/companyuserlist.html
INFO: [ app_init ] --START--
INFO: Run Behavior\BuildLiteBehavior [ RunTime:0.000078s ]
INFO: [ app_init ] --END-- [ RunTime:0.000874s ]
INFO: [ app_begin ] --START--
INFO: Run Behavior\ReadHtmlCacheBehavior [ RunTime:0.001185s ]
INFO: [ app_begin ] --END-- [ RunTime:0.001572s ]
NOTIC: [8] Undefined index: mokuai_id D:\wamp\www\appserver1\Application\Front\Controller\FrontController.class.php 第 149 行.
SQL: SHOW COLUMNS FROM `companyuser` [ RunTime:0.0043s ]
SQL: SHOW COLUMNS FROM `member` [ RunTime:0.0040s ]
SQL: SELECT COUNT(*) AS tp_count FROM `companyuser` LIMIT 1   [ RunTime:0.0003s ]
SQL: SELECT * FROM `companyuser` WHERE `mokuai_id` = null AND `company_id` = '5' ORDER BY add_date desc LIMIT 0,10   [ RunTime:0.0003s ]
INFO: [ view_parse ] --START--
INFO: [ template_filter ] --START--
INFO: Run Behavior\ContentReplaceBehavior [ RunTime:0.000235s ]
INFO: [ template_filter ] --END-- [ RunTime:0.000578s ]
INFO: Run Behavior\ParseTemplateBehavior [ RunTime:0.023040s ]
INFO: [ view_parse ] --END-- [ RunTime:0.023404s ]
INFO: [ view_filter ] --START--
INFO: Run Behavior\WriteHtmlCacheBehavior [ RunTime:0.000579s ]
INFO: [ view_filter ] --END-- [ RunTime:0.000908s ]
INFO: [ app_end ] --START--
INFO: Run Behavior\ShowPageTraceBehavior [ RunTime:0.000880s ]
INFO: [ app_end ] --END-- [ RunTime:0.001228s ]

[ 2015-10-12T09:28:14+08:00 ] 127.0.0.1 /appserver1/index.php/Front/Front/companyuserlist/mokuai_id/4
INFO: [ app_init ] --START--
INFO: Run Behavior\BuildLiteBehavior [ RunTime:0.000074s ]
INFO: [ app_init ] --END-- [ RunTime:0.000829s ]
INFO: [ app_begin ] --START--
INFO: Run Behavior\ReadHtmlCacheBehavior [ RunTime:0.000834s ]
INFO: [ app_begin ] --END-- [ RunTime:0.001168s ]
SQL: SHOW COLUMNS FROM `companyuser` [ RunTime:0.0041s ]
SQL: SHOW COLUMNS FROM `member` [ RunTime:0.0036s ]
SQL: SELECT COUNT(*) AS tp_count FROM `companyuser` LIMIT 1   [ RunTime:0.0003s ]
SQL: SELECT * FROM `companyuser` WHERE `mokuai_id` = '4' AND `company_id` = '5' ORDER BY add_date desc LIMIT 0,10   [ RunTime:0.0009s ]
SQL: SELECT * FROM `member` WHERE ( id=2 ) LIMIT 1   [ RunTime:0.0003s ]
SQL: SELECT * FROM `member` WHERE ( id=2 ) LIMIT 1   [ RunTime:0.0002s ]
INFO: [ view_parse ] --START--
INFO: [ template_filter ] --START--
INFO: Run Behavior\ContentReplaceBehavior [ RunTime:0.000220s ]
INFO: [ template_filter ] --END-- [ RunTime:0.000577s ]
INFO: Run Behavior\ParseTemplateBehavior [ RunTime:0.028305s ]
INFO: [ view_parse ] --END-- [ RunTime:0.028663s ]
INFO: [ view_filter ] --START--
INFO: Run Behavior\WriteHtmlCacheBehavior [ RunTime:0.000814s ]
INFO: [ view_filter ] --END-- [ RunTime:0.001150s ]
INFO: [ app_end ] --START--
INFO: Run Behavior\ShowPageTraceBehavior [ RunTime:0.000842s ]
INFO: [ app_end ] --END-- [ RunTime:0.001173s ]

[ 2015-10-12T09:28:28+08:00 ] 127.0.0.1 /appserver1/index.php/Front/front/companyuserdelete/id/8.mokuai_id=4
INFO: [ app_init ] --START--
INFO: Run Behavior\BuildLiteBehavior [ RunTime:0.000076s ]
INFO: [ app_init ] --END-- [ RunTime:0.000911s ]
INFO: [ app_begin ] --START--
INFO: Run Behavior\ReadHtmlCacheBehavior [ RunTime:0.000850s ]
INFO: [ app_begin ] --END-- [ RunTime:0.001187s ]
SQL: SHOW COLUMNS FROM `companyuser` [ RunTime:0.0047s ]
ERR: SQLSTATE[42000]: Syntax error or access violation: 1064 You have an error in your SQL syntax; check the manual that corresponds to your MySQL server version for the right syntax to use near 'mokuai_id=4 )' at line 1

[ 2015-10-12T14:13:27+08:00 ] 127.0.0.1 /appserver1/index.php/Front/Front/companyuserlist/mokuai_id/4
INFO: [ app_init ] --START--
INFO: Run Behavior\BuildLiteBehavior [ RunTime:0.000046s ]
INFO: [ app_init ] --END-- [ RunTime:0.001246s ]
INFO: [ app_begin ] --START--
INFO: Run Behavior\ReadHtmlCacheBehavior [ RunTime:0.003359s ]
INFO: [ app_begin ] --END-- [ RunTime:0.003581s ]
SQL: SHOW COLUMNS FROM `companyuser` [ RunTime:0.1033s ]
SQL: SHOW COLUMNS FROM `member` [ RunTime:0.0246s ]
SQL: SELECT COUNT(*) AS tp_count FROM `companyuser` LIMIT 1   [ RunTime:0.0004s ]
SQL: SELECT * FROM `companyuser` WHERE `mokuai_id` = '4' AND `company_id` = '5' ORDER BY add_date desc LIMIT 0,10   [ RunTime:0.0010s ]
SQL: SELECT * FROM `member` WHERE ( id=2 ) LIMIT 1   [ RunTime:0.0005s ]
SQL: SELECT * FROM `member` WHERE ( id=2 ) LIMIT 1   [ RunTime:0.0006s ]
INFO: [ view_parse ] --START--
INFO: [ template_filter ] --START--
INFO: Run Behavior\ContentReplaceBehavior [ RunTime:0.000173s ]
INFO: [ template_filter ] --END-- [ RunTime:0.000380s ]
INFO: Run Behavior\ParseTemplateBehavior [ RunTime:0.022553s ]
INFO: [ view_parse ] --END-- [ RunTime:0.022770s ]
INFO: [ view_filter ] --START--
INFO: Run Behavior\WriteHtmlCacheBehavior [ RunTime:0.001340s ]
INFO: [ view_filter ] --END-- [ RunTime:0.001535s ]
INFO: [ app_end ] --START--
INFO: Run Behavior\ShowPageTraceBehavior [ RunTime:0.001029s ]
INFO: [ app_end ] --END-- [ RunTime:0.001228s ]

[ 2015-10-12T14:13:34+08:00 ] 127.0.0.1 /appserver1/index.php/Front/front/companyuserdelete/id/4/mokuai_id/4.html
INFO: [ app_init ] --START--
INFO: Run Behavior\BuildLiteBehavior [ RunTime:0.000043s ]
INFO: [ app_init ] --END-- [ RunTime:0.000649s ]
INFO: [ app_begin ] --START--
INFO: Run Behavior\ReadHtmlCacheBehavior [ RunTime:0.000741s ]
INFO: [ app_begin ] --END-- [ RunTime:0.001021s ]
SQL: SHOW COLUMNS FROM `companyuser` [ RunTime:0.0051s ]
SQL: DELETE FROM `companyuser` WHERE ( id=4 ) [ RunTime:0.0764s ]

[ 2015-10-12T14:13:34+08:00 ] 127.0.0.1 /appserver1/index.php/Front/Front/companyuserlist/mokuai_id/4.html
INFO: [ app_init ] --START--
INFO: Run Behavior\BuildLiteBehavior [ RunTime:0.000040s ]
INFO: [ app_init ] --END-- [ RunTime:0.000607s ]
INFO: [ app_begin ] --START--
INFO: Run Behavior\ReadHtmlCacheBehavior [ RunTime:0.000646s ]
INFO: [ app_begin ] --END-- [ RunTime:0.000836s ]
SQL: SHOW COLUMNS FROM `companyuser` [ RunTime:0.0045s ]
SQL: SHOW COLUMNS FROM `member` [ RunTime:0.0040s ]
SQL: SELECT COUNT(*) AS tp_count FROM `companyuser` LIMIT 1   [ RunTime:0.0004s ]
SQL: SELECT * FROM `companyuser` WHERE `mokuai_id` = '4' AND `company_id` = '5' ORDER BY add_date desc LIMIT 0,10   [ RunTime:0.0005s ]
SQL: SELECT * FROM `member` WHERE ( id=2 ) LIMIT 1   [ RunTime:0.0015s ]
INFO: [ view_parse ] --START--
INFO: [ template_filter ] --START--
INFO: Run Behavior\ContentReplaceBehavior [ RunTime:0.000172s ]
INFO: [ template_filter ] --END-- [ RunTime:0.000384s ]
INFO: Run Behavior\ParseTemplateBehavior [ RunTime:0.020378s ]
INFO: [ view_parse ] --END-- [ RunTime:0.020702s ]
INFO: [ view_filter ] --START--
INFO: Run Behavior\WriteHtmlCacheBehavior [ RunTime:0.000377s ]
INFO: [ view_filter ] --END-- [ RunTime:0.000566s ]
INFO: [ app_end ] --START--
INFO: Run Behavior\ShowPageTraceBehavior [ RunTime:0.000658s ]
INFO: [ app_end ] --END-- [ RunTime:0.000845s ]

[ 2015-10-12T14:14:08+08:00 ] 127.0.0.1 /appserver1/index.php/Front/front/companyusercreate/mokuai_id/4.html
INFO: [ app_init ] --START--
INFO: Run Behavior\BuildLiteBehavior [ RunTime:0.000039s ]
INFO: [ app_init ] --END-- [ RunTime:0.000606s ]
INFO: [ app_begin ] --START--
INFO: Run Behavior\ReadHtmlCacheBehavior [ RunTime:0.000681s ]
INFO: [ app_begin ] --END-- [ RunTime:0.000941s ]
SQL: SHOW COLUMNS FROM `mokuai` [ RunTime:0.0321s ]
SQL: SELECT * FROM `mokuai` WHERE `company_id` = '5'  [ RunTime:0.0003s ]
INFO: [ view_parse ] --START--
INFO: [ template_filter ] --START--
INFO: Run Behavior\ContentReplaceBehavior [ RunTime:0.000179s ]
INFO: [ template_filter ] --END-- [ RunTime:0.000384s ]
NOTIC: [8] Undefined variable: page D:\wamp\www\appserver1\Application\Runtime\Cache\Front\945be1b5d528bb9c39e176b0a9645526.php 第 269 行.
INFO: Run Behavior\ParseTemplateBehavior [ RunTime:0.016586s ]
INFO: [ view_parse ] --END-- [ RunTime:0.016781s ]
INFO: [ view_filter ] --START--
INFO: Run Behavior\WriteHtmlCacheBehavior [ RunTime:0.000365s ]
INFO: [ view_filter ] --END-- [ RunTime:0.000551s ]
INFO: [ app_end ] --START--
INFO: Run Behavior\ShowPageTraceBehavior [ RunTime:0.000634s ]
INFO: [ app_end ] --END-- [ RunTime:0.000836s ]

[ 2015-10-12T14:14:34+08:00 ] 127.0.0.1 /appserver1/index.php/Front/Front/companyuseradd
INFO: [ app_init ] --START--
INFO: Run Behavior\BuildLiteBehavior [ RunTime:0.000041s ]
INFO: [ app_init ] --END-- [ RunTime:0.000879s ]
INFO: [ app_begin ] --START--
INFO: Run Behavior\ReadHtmlCacheBehavior [ RunTime:0.001484s ]
INFO: [ app_begin ] --END-- [ RunTime:0.001743s ]
SQL: SHOW COLUMNS FROM `companyuser` [ RunTime:0.0048s ]
SQL: SHOW COLUMNS FROM `member` [ RunTime:0.0056s ]
NOTIC: [8] Use of undefined constant company_id - assumed 'company_id' D:\wamp\www\appserver1\Application\Front\Controller\FrontController.class.php 第 188 行.
SQL: SELECT * FROM `companyuser` WHERE `company_id` = '5' ORDER BY id desc LIMIT 1   [ RunTime:0.0010s ]
SQL: SELECT * FROM `member` WHERE `jifen` <= '10002' ORDER BY jifen desc LIMIT 1   [ RunTime:0.0006s ]
SQL: INSERT INTO `companyuser` (`mokuai_id`,`username`,`password`,`name`,`phone`,`shengri`,`jifen`,`company_id`,`huiyuanbianhao`,`add_date`,`zongjifen`,`huiyuan_id`) VALUES ('4','123','123','123','123','13','10002','5','514446304749','2015-10-12','10002','3') [ RunTime:0.0714s ]

[ 2015-10-12T14:14:34+08:00 ] 127.0.0.1 /appserver1/index.php/Front/front/companyuserlist/mokuai_id/4.html
INFO: [ app_init ] --START--
INFO: Run Behavior\BuildLiteBehavior [ RunTime:0.000040s ]
INFO: [ app_init ] --END-- [ RunTime:0.000569s ]
INFO: [ app_begin ] --START--
INFO: Run Behavior\ReadHtmlCacheBehavior [ RunTime:0.000644s ]
INFO: [ app_begin ] --END-- [ RunTime:0.000836s ]
SQL: SHOW COLUMNS FROM `companyuser` [ RunTime:0.0044s ]
SQL: SHOW COLUMNS FROM `member` [ RunTime:0.0042s ]
SQL: SELECT COUNT(*) AS tp_count FROM `companyuser` LIMIT 1   [ RunTime:0.0003s ]
SQL: SELECT * FROM `companyuser` WHERE `mokuai_id` = '4' AND `company_id` = '5' ORDER BY add_date desc LIMIT 0,10   [ RunTime:0.0006s ]
SQL: SELECT * FROM `member` WHERE ( id=3 ) LIMIT 1   [ RunTime:0.0002s ]
SQL: SELECT * FROM `member` WHERE ( id=2 ) LIMIT 1   [ RunTime:0.0002s ]
INFO: [ view_parse ] --START--
INFO: [ template_filter ] --START--
INFO: Run Behavior\ContentReplaceBehavior [ RunTime:0.000172s ]
INFO: [ template_filter ] --END-- [ RunTime:0.000378s ]
INFO: Run Behavior\ParseTemplateBehavior [ RunTime:0.021364s ]
INFO: [ view_parse ] --END-- [ RunTime:0.021578s ]
INFO: [ view_filter ] --START--
INFO: Run Behavior\WriteHtmlCacheBehavior [ RunTime:0.000459s ]
INFO: [ view_filter ] --END-- [ RunTime:0.000646s ]
INFO: [ app_end ] --START--
INFO: Run Behavior\ShowPageTraceBehavior [ RunTime:0.000651s ]
INFO: [ app_end ] --END-- [ RunTime:0.000861s ]

[ 2015-10-12T14:14:50+08:00 ] 127.0.0.1 /appserver1/index.php/Front/Front/companyuserlist/mokuai_id/4.html
INFO: [ app_init ] --START--
INFO: Run Behavior\BuildLiteBehavior [ RunTime:0.000266s ]
INFO: [ app_init ] --END-- [ RunTime:0.001620s ]
INFO: [ app_begin ] --START--
INFO: Run Behavior\ReadHtmlCacheBehavior [ RunTime:0.000967s ]
INFO: [ app_begin ] --END-- [ RunTime:0.001374s ]
SQL: SHOW COLUMNS FROM `companyuser` [ RunTime:0.0062s ]
SQL: SHOW COLUMNS FROM `member` [ RunTime:0.0040s ]
SQL: SELECT COUNT(*) AS tp_count FROM `companyuser` LIMIT 1   [ RunTime:0.0003s ]
SQL: SELECT * FROM `companyuser` WHERE `mokuai_id` = '4' AND `company_id` = '5' ORDER BY add_date desc LIMIT 0,10   [ RunTime:0.0005s ]
SQL: SELECT * FROM `member` WHERE ( id=3 ) LIMIT 1   [ RunTime:0.0003s ]
SQL: SELECT * FROM `member` WHERE ( id=2 ) LIMIT 1   [ RunTime:0.0003s ]
INFO: [ view_parse ] --START--
INFO: [ template_filter ] --START--
INFO: Run Behavior\ContentReplaceBehavior [ RunTime:0.000231s ]
INFO: [ template_filter ] --END-- [ RunTime:0.000436s ]
INFO: Run Behavior\ParseTemplateBehavior [ RunTime:0.021807s ]
INFO: [ view_parse ] --END-- [ RunTime:0.022026s ]
INFO: [ view_filter ] --START--
INFO: Run Behavior\WriteHtmlCacheBehavior [ RunTime:0.000580s ]
INFO: [ view_filter ] --END-- [ RunTime:0.000771s ]
INFO: [ app_end ] --START--
INFO: Run Behavior\ShowPageTraceBehavior [ RunTime:0.000683s ]
INFO: [ app_end ] --END-- [ RunTime:0.000872s ]

[ 2015-10-12T14:14:56+08:00 ] 127.0.0.1 /appserver1/index.php/Front/Front/memberlist/mokuai_id/4.html
INFO: [ app_init ] --START--
INFO: Run Behavior\BuildLiteBehavior [ RunTime:0.000044s ]
INFO: [ app_init ] --END-- [ RunTime:0.000654s ]
INFO: [ app_begin ] --START--
INFO: Run Behavior\ReadHtmlCacheBehavior [ RunTime:0.000675s ]
INFO: [ app_begin ] --END-- [ RunTime:0.000870s ]
SQL: SHOW COLUMNS FROM `member` [ RunTime:0.0041s ]
SQL: SELECT COUNT(*) AS tp_count FROM `member` LIMIT 1   [ RunTime:0.0002s ]
SQL: SELECT * FROM `member` WHERE `mokuai_id` = '4' AND `company_id` = '5' ORDER BY add_date desc LIMIT 0,10   [ RunTime:0.0003s ]
INFO: [ view_parse ] --START--
INFO: [ template_filter ] --START--
INFO: Run Behavior\ContentReplaceBehavior [ RunTime:0.000335s ]
INFO: [ template_filter ] --END-- [ RunTime:0.000817s ]
INFO: Run Behavior\ParseTemplateBehavior [ RunTime:0.046935s ]
INFO: [ view_parse ] --END-- [ RunTime:0.047140s ]
INFO: [ view_filter ] --START--
INFO: Run Behavior\WriteHtmlCacheBehavior [ RunTime:0.000389s ]
INFO: [ view_filter ] --END-- [ RunTime:0.000576s ]
INFO: [ app_end ] --START--
INFO: Run Behavior\ShowPageTraceBehavior [ RunTime:0.000642s ]
INFO: [ app_end ] --END-- [ RunTime:0.000832s ]

[ 2015-10-12T14:15:13+08:00 ] 127.0.0.1 /appserver1/index.php/Front/Front/companyuserlist/mokuai_id/4.html
INFO: [ app_init ] --START--
INFO: Run Behavior\BuildLiteBehavior [ RunTime:0.000042s ]
INFO: [ app_init ] --END-- [ RunTime:0.000627s ]
INFO: [ app_begin ] --START--
INFO: Run Behavior\ReadHtmlCacheBehavior [ RunTime:0.000791s ]
INFO: [ app_begin ] --END-- [ RunTime:0.000993s ]
SQL: SHOW COLUMNS FROM `companyuser` [ RunTime:0.0053s ]
SQL: SHOW COLUMNS FROM `member` [ RunTime:0.0049s ]
SQL: SELECT COUNT(*) AS tp_count FROM `companyuser` LIMIT 1   [ RunTime:0.0004s ]
SQL: SELECT * FROM `companyuser` WHERE `mokuai_id` = '4' AND `company_id` = '5' ORDER BY add_date desc LIMIT 0,10   [ RunTime:0.0004s ]
SQL: SELECT * FROM `member` WHERE ( id=3 ) LIMIT 1   [ RunTime:0.0002s ]
SQL: SELECT * FROM `member` WHERE ( id=2 ) LIMIT 1   [ RunTime:0.0002s ]
INFO: [ view_parse ] --START--
INFO: [ template_filter ] --START--
INFO: Run Behavior\ContentReplaceBehavior [ RunTime:0.000256s ]
INFO: [ template_filter ] --END-- [ RunTime:0.000474s ]
INFO: Run Behavior\ParseTemplateBehavior [ RunTime:0.021672s ]
INFO: [ view_parse ] --END-- [ RunTime:0.021893s ]
INFO: [ view_filter ] --START--
INFO: Run Behavior\WriteHtmlCacheBehavior [ RunTime:0.001220s ]
INFO: [ view_filter ] --END-- [ RunTime:0.001419s ]
INFO: [ app_end ] --START--
INFO: Run Behavior\ShowPageTraceBehavior [ RunTime:0.000919s ]
INFO: [ app_end ] --END-- [ RunTime:0.001119s ]

[ 2015-10-12T14:15:15+08:00 ] 127.0.0.1 /appserver1/index.php/Front/user/usershow/id/9.html
INFO: [ app_init ] --START--
INFO: Run Behavior\BuildLiteBehavior [ RunTime:0.000073s ]
INFO: [ app_init ] --END-- [ RunTime:0.001160s ]
INFO: [ app_begin ] --START--
INFO: Run Behavior\ReadHtmlCacheBehavior [ RunTime:0.001299s ]
INFO: [ app_begin ] --END-- [ RunTime:0.001642s ]
ERR: 无法加载控制器:User

