[ 2015-10-10T10:32:14+08:00 ] 127.0.0.1 /appserver1/?s=Front/front/companyuserlist
INFO: [ app_init ] --START--
INFO: Run Behavior\BuildLiteBehavior [ RunTime:0.000070s ]
INFO: [ app_init ] --END-- [ RunTime:0.000807s ]
INFO: [ app_begin ] --START--
INFO: Run Behavior\ReadHtmlCacheBehavior [ RunTime:0.000812s ]
INFO: [ app_begin ] --END-- [ RunTime:0.001142s ]
NOTIC: [8] Undefined index: user D:\wamp\www\appserver1\Application\Front\Controller\FrontController.class.php 第 145 行.
NOTIC: [8] Undefined index: mokuai_id D:\wamp\www\appserver1\Application\Front\Controller\FrontController.class.php 第 146 行.
SQL: SHOW COLUMNS FROM `companyuser` [ RunTime:0.0430s ]
SQL: SELECT COUNT(*) AS tp_count FROM `companyuser` LIMIT 1   [ RunTime:0.0005s ]
SQL: SELECT * FROM `companyuser` WHERE `mokuai_id` = null AND `company_id` = null ORDER BY add_date desc LIMIT 0,10   [ RunTime:0.0006s ]

[ 2015-10-10T10:32:28+08:00 ] 127.0.0.1 /appserver1/?s=Front/front/index
INFO: [ app_init ] --START--
INFO: Run Behavior\BuildLiteBehavior [ RunTime:0.000073s ]
INFO: [ app_init ] --END-- [ RunTime:0.000842s ]
INFO: [ app_begin ] --START--
INFO: Run Behavior\ReadHtmlCacheBehavior [ RunTime:0.000809s ]
INFO: [ app_begin ] --END-- [ RunTime:0.001144s ]
NOTIC: [8] Undefined index: xinxi D:\wamp\www\appserver1\Application\Front\Controller\FrontController.class.php 第 15 行.
INFO: [ view_parse ] --START--
INFO: [ template_filter ] --START--
INFO: Run Behavior\ContentReplaceBehavior [ RunTime:0.000165s ]
INFO: [ template_filter ] --END-- [ RunTime:0.000526s ]
INFO: Run Behavior\ParseTemplateBehavior [ RunTime:0.028709s ]
INFO: [ view_parse ] --END-- [ RunTime:0.029050s ]
INFO: [ view_filter ] --START--
INFO: Run Behavior\WriteHtmlCacheBehavior [ RunTime:0.000492s ]
INFO: [ view_filter ] --END-- [ RunTime:0.000817s ]
INFO: [ app_end ] --START--
INFO: Run Behavior\ShowPageTraceBehavior [ RunTime:0.000785s ]
INFO: [ app_end ] --END-- [ RunTime:0.001113s ]

[ 2015-10-10T10:32:36+08:00 ] 127.0.0.1 /appserver1/index.php/Front/Front/login
INFO: [ app_init ] --START--
INFO: Run Behavior\BuildLiteBehavior [ RunTime:0.000073s ]
INFO: [ app_init ] --END-- [ RunTime:0.000851s ]
INFO: [ app_begin ] --START--
INFO: Run Behavior\ReadHtmlCacheBehavior [ RunTime:0.000690s ]
INFO: [ app_begin ] --END-- [ RunTime:0.001019s ]
SQL: SHOW COLUMNS FROM `user` [ RunTime:0.0317s ]
SQL: SELECT * FROM `user` WHERE `username` = 'zhangjing' AND `password` = 'zhangjing' LIMIT 1   [ RunTime:0.0007s ]

[ 2015-10-10T10:32:36+08:00 ] 127.0.0.1 /appserver1/index.php/Front/Front/index/xinxi/%E6%82%A8%E6%B2%A1%E6%9C%89%E6%9D%83%E9%99%90%E7%99%BB%E9%99%86%E7%B3%BB%E7%BB%9F.html
INFO: [ app_init ] --START--
INFO: Run Behavior\BuildLiteBehavior [ RunTime:0.000070s ]
INFO: [ app_init ] --END-- [ RunTime:0.000758s ]
INFO: [ app_begin ] --START--
INFO: Run Behavior\ReadHtmlCacheBehavior [ RunTime:0.000730s ]
INFO: [ app_begin ] --END-- [ RunTime:0.001071s ]
NOTIC: [8] iconv() [<a href='function.iconv'>function.iconv</a>]: Detected an incomplete multibyte character in input string D:\wamp\www\appserver1\Application\Front\Controller\FrontController.class.php 第 16 行.
INFO: [ view_parse ] --START--
INFO: [ template_filter ] --START--
INFO: Run Behavior\ContentReplaceBehavior [ RunTime:0.000183s ]
INFO: [ template_filter ] --END-- [ RunTime:0.000809s ]
INFO: Run Behavior\ParseTemplateBehavior [ RunTime:0.012314s ]
INFO: [ view_parse ] --END-- [ RunTime:0.012676s ]
INFO: [ view_filter ] --START--
INFO: Run Behavior\WriteHtmlCacheBehavior [ RunTime:0.000559s ]
INFO: [ view_filter ] --END-- [ RunTime:0.000900s ]
INFO: [ app_end ] --START--
INFO: Run Behavior\ShowPageTraceBehavior [ RunTime:0.000774s ]
INFO: [ app_end ] --END-- [ RunTime:0.001103s ]

[ 2015-10-10T10:32:36+08:00 ] 127.0.0.1 /appserver1/index.php/Front/Front/assets/js/ie-emulation-modes-warning.js
INFO: [ app_init ] --START--
INFO: Run Behavior\BuildLiteBehavior [ RunTime:0.000072s ]
INFO: [ app_init ] --END-- [ RunTime:0.000800s ]
INFO: [ app_begin ] --START--
INFO: Run Behavior\ReadHtmlCacheBehavior [ RunTime:0.000684s ]
INFO: [ app_begin ] --END-- [ RunTime:0.001015s ]
ERR: 非法操作:assets

[ 2015-10-10T10:32:36+08:00 ] 127.0.0.1 /appserver1/index.php/Front/Front/assets/js/ie10-viewport-bug-workaround.js
INFO: [ app_init ] --START--
INFO: Run Behavior\BuildLiteBehavior [ RunTime:0.000077s ]
INFO: [ app_init ] --END-- [ RunTime:0.000865s ]
INFO: [ app_begin ] --START--
INFO: Run Behavior\ReadHtmlCacheBehavior [ RunTime:0.000690s ]
INFO: [ app_begin ] --END-- [ RunTime:0.001018s ]
ERR: 非法操作:assets

[ 2015-10-10T10:32:37+08:00 ] 127.0.0.1 /appserver1/index.php/Front/Front/favicon.ico
INFO: [ app_init ] --START--
INFO: Run Behavior\BuildLiteBehavior [ RunTime:0.000073s ]
INFO: [ app_init ] --END-- [ RunTime:0.000770s ]

[ 2015-10-10T10:32:43+08:00 ] 127.0.0.1 /appserver1/index.php/Front/Front/login
INFO: [ app_init ] --START--
INFO: Run Behavior\BuildLiteBehavior [ RunTime:0.000071s ]
INFO: [ app_init ] --END-- [ RunTime:0.000767s ]
INFO: [ app_begin ] --START--
INFO: Run Behavior\ReadHtmlCacheBehavior [ RunTime:0.000669s ]
INFO: [ app_begin ] --END-- [ RunTime:0.001003s ]
SQL: SHOW COLUMNS FROM `user` [ RunTime:0.0045s ]
SQL: SELECT * FROM `user` WHERE `username` = 'gengyongxin' AND `password` = 'gengyongxin' LIMIT 1   [ RunTime:0.0004s ]

[ 2015-10-10T10:32:43+08:00 ] 127.0.0.1 /appserver1/index.php/Front/Front/mokuailist.html
INFO: [ app_init ] --START--
INFO: Run Behavior\BuildLiteBehavior [ RunTime:0.000071s ]
INFO: [ app_init ] --END-- [ RunTime:0.000758s ]
INFO: [ app_begin ] --START--
INFO: Run Behavior\ReadHtmlCacheBehavior [ RunTime:0.000676s ]
INFO: [ app_begin ] --END-- [ RunTime:0.001006s ]
SQL: SHOW COLUMNS FROM `mokuai` [ RunTime:0.0272s ]
SQL: SELECT COUNT(*) AS tp_count FROM `mokuai` LIMIT 1   [ RunTime:0.0003s ]
SQL: SELECT * FROM `mokuai` WHERE `begin_date` >= '2015-10-10' AND `over_date` <= '2015-10-10' AND `company_id` = '5' ORDER BY add_date desc LIMIT 0,10   [ RunTime:0.0003s ]
INFO: [ view_parse ] --START--
NOTIC: [2] file_get_contents(./Application/Front/View/./Login/loginside.html) [<a href='function.file-get-contents'>function.file-get-contents</a>]: failed to open stream: No such file or directory D:\wamp\www\appserver1\ThinkPHP\Library\Think\Template.class.php 第 696 行.
INFO: [ template_filter ] --START--
INFO: Run Behavior\ContentReplaceBehavior [ RunTime:0.000207s ]
INFO: [ template_filter ] --END-- [ RunTime:0.000555s ]
INFO: Run Behavior\ParseTemplateBehavior [ RunTime:0.030942s ]
INFO: [ view_parse ] --END-- [ RunTime:0.031287s ]
INFO: [ view_filter ] --START--
INFO: Run Behavior\WriteHtmlCacheBehavior [ RunTime:0.000440s ]
INFO: [ view_filter ] --END-- [ RunTime:0.000767s ]
INFO: [ app_end ] --START--
INFO: Run Behavior\ShowPageTraceBehavior [ RunTime:0.000714s ]
INFO: [ app_end ] --END-- [ RunTime:0.001105s ]

[ 2015-10-10T10:32:57+08:00 ] 127.0.0.1 /appserver1/index.php/Front/Front/companyuserlist.html
INFO: [ app_init ] --START--
INFO: Run Behavior\BuildLiteBehavior [ RunTime:0.000105s ]
INFO: [ app_init ] --END-- [ RunTime:0.000835s ]
INFO: [ app_begin ] --START--
INFO: Run Behavior\ReadHtmlCacheBehavior [ RunTime:0.000719s ]
INFO: [ app_begin ] --END-- [ RunTime:0.001048s ]
NOTIC: [8] Undefined index: mokuai_id D:\wamp\www\appserver1\Application\Front\Controller\FrontController.class.php 第 146 行.
SQL: SHOW COLUMNS FROM `companyuser` [ RunTime:0.0044s ]
SQL: SELECT COUNT(*) AS tp_count FROM `companyuser` LIMIT 1   [ RunTime:0.0017s ]
SQL: SELECT * FROM `companyuser` WHERE `mokuai_id` = null AND `company_id` = '5' ORDER BY add_date desc LIMIT 0,10   [ RunTime:0.0008s ]

